<?xml version="1.0" encoding="UTF-8"?>
<testsuites name="Package" time="283.947" tests="2" failures="0" skips="0" errors="0">
   <testsuite name="Package" tests="2" failures="0" errors="0" time="283.947" skips="0" timestamp="2021-02-24 13:29:07" hostname="Katesopon - LAPTOP-PAE3MHPM" id="Test Suites/Package">
      <properties>
         <property name="deviceName" value=""/>
         <property name="devicePlatform" value=""/>
         <property name="logFolder" value="C:\\Users\\Katesopon\\git\\Katalon-GitTestRepo\\Reports\\20210224_132856\\Package\\20210224_132901"/>
         <property name="logFiles" value="C:\\Users\\Katesopon\\git\\Katalon-GitTestRepo\\Reports\\20210224_132856\\Package\\20210224_132901\\execution0.log"/>
         <property name="attachments" value=""/>
         <property name="hostName" value="Katesopon - LAPTOP-PAE3MHPM"/>
         <property name="os" value="Windows 10 64bit"/>
         <property name="katalonVersion" value="7.9.1.208"/>
         <property name="browser" value="Chrome 88.0.4324.182"/>
         <property name="hostAddress" value="192.168.1.139"/>
         <property name="sessionId" value="fa00f2aba4192528462ceee4d468c6af"/>
         <property name="seleniumVersion" value="3.141.59"/>
         <property name="proxyInformation" value="ProxyInformation { proxyOption=NO_PROXY, proxyServerType=HTTP, username=, password=********, proxyServerAddress=, proxyServerPort=0, executionList=&quot;&quot;, isApplyToDesiredCapabilities=true }"/>
         <property name="platform" value="Windows 10"/>
      </properties>
      <testcase name="Test Cases/Login before use a service/13_Normal MP" time="148.082" classname="Test Cases/Login before use a service/13_Normal MP" status="PASSED">
         <system-out><![CDATA[2021-02-24 13:29:10 - [TEST_CASE][PASSED] - Test Cases/Login before use a service/13_Normal MP: Test Cases/Login before use a service/13_Normal MP

2021-02-24 13:29:11 - [TEST_STEP][PASSED] - openBrowser(""): Browser is opened with url: ''

2021-02-24 13:29:12 - [MESSAGE][INFO] - Starting 'Chrome' driver

2021-02-24 13:29:12 - [MESSAGE][INFO] - Action delay is set to 0 milliseconds

2021-02-24 13:29:15 - [MESSAGE][PASSED] - Browser is opened with url: ''

2021-02-24 13:29:15 - [TEST_STEP][PASSED] - maximizeWindow(): Current window maximized

2021-02-24 13:29:15 - [MESSAGE][PASSED] - Current window maximized

2021-02-24 13:29:15 - [TEST_STEP][PASSED] - navigateToUrl("https://uat.bluuu.co/"): Navigate to 'https://uat.bluuu.co/' successfully

2021-02-24 13:29:18 - [MESSAGE][PASSED] - Navigate to 'https://uat.bluuu.co/' successfully

2021-02-24 13:29:18 - [TEST_STEP][PASSED] - click(findTestObject("Used/zElement-Bluuu/img_TH_avatar_Not-Login")): Object: 'Object Repository/Used/zElement-Bluuu/img_TH_avatar_Not-Login' is clicked on

2021-02-24 13:29:20 - [MESSAGE][PASSED] - Object: 'Object Repository/Used/zElement-Bluuu/img_TH_avatar_Not-Login' is clicked on

2021-02-24 13:29:20 - [TEST_STEP][PASSED] - click(findTestObject("Used/zElement-Bluuu/button_ Facebook_Login")): Object: 'Object Repository/Used/zElement-Bluuu/button_ Facebook_Login' is clicked on

2021-02-24 13:29:20 - [MESSAGE][PASSED] - Object: 'Object Repository/Used/zElement-Bluuu/button_ Facebook_Login' is clicked on

2021-02-24 13:29:20 - [TEST_STEP][PASSED] - switchToWindowTitle("Facebook"): Switched to window with title: 'Facebook'

2021-02-24 13:29:22 - [MESSAGE][PASSED] - Switched to window with title: 'Facebook'

2021-02-24 13:29:22 - [TEST_STEP][PASSED] - setText(findTestObject("Used/Page-Facebook/input__email"), "qmkecjunto_1612852822@tfbnw.net"): Text 'qmkecjunto_1612852822@tfbnw.net' is set on object 'Object Repository/Used/Page-Facebook/input__email'

2021-02-24 13:29:23 - [MESSAGE][PASSED] - Text 'qmkecjunto_1612852822@tfbnw.net' is set on object 'Object Repository/Used/Page-Facebook/input__email'

2021-02-24 13:29:23 - [TEST_STEP][PASSED] - setEncryptedText(findTestObject("Used/Page-Facebook/input__pass"), "gOP7IdE590r7JITAEPMRJQ=="): Text ****** has been set on object 'Object Repository/Used/Page-Facebook/input__pass'

2021-02-24 13:29:24 - [MESSAGE][PASSED] - Text ****** has been set on object 'Object Repository/Used/Page-Facebook/input__pass'

2021-02-24 13:29:24 - [TEST_STEP][PASSED] - click(findTestObject("Used/Page-Facebook/label__loginbutton")): Object: 'Object Repository/Used/Page-Facebook/label__loginbutton' is clicked on

2021-02-24 13:29:24 - [MESSAGE][PASSED] - Object: 'Object Repository/Used/Page-Facebook/label__loginbutton' is clicked on

2021-02-24 13:29:24 - [TEST_STEP][PASSED] - delay(7): Delayed 7 second(s)

2021-02-24 13:29:31 - [MESSAGE][PASSED] - Delayed 7 second(s)

2021-02-24 13:29:31 - [TEST_STEP][PASSED] - switchToWindowTitle("Bluuu - จ้างแม่บ้าน ผู้เชี่ยวชาญเรื่องบ้านที่คุณไว้วางใจได้มากที่สุด"): Switched to window with title: 'Bluuu - จ้างแม่บ้าน ผู้เชี่ยวชาญเรื่องบ้านที่คุณไว้วางใจได้มากที่สุด'

2021-02-24 13:29:31 - [MESSAGE][PASSED] - Switched to window with title: 'Bluuu - จ้างแม่บ้าน ผู้เชี่ยวชาญเรื่องบ้านที่คุณไว้วางใจได้มากที่สุด'

2021-02-24 13:29:31 - [TEST_STEP][PASSED] - click(findTestObject("Used/Package-and-Date/a_Package")): Object: 'Object Repository/Used/Package-and-Date/a_Package' is clicked on

2021-02-24 13:29:32 - [MESSAGE][PASSED] - Object: 'Object Repository/Used/Package-and-Date/a_Package' is clicked on

2021-02-24 13:29:32 - [TEST_STEP][PASSED] - click(findTestObject("Used/zElement-Bluuu/div_RoomType")): Object: 'Object Repository/Used/zElement-Bluuu/div_RoomType' is clicked on

2021-02-24 13:29:35 - [MESSAGE][INFO] - Unable to find the element located by 'By.xpath: //fieldset[@id='__BVID__244']/div/div/button/div[2]'. Please recheck the objects properties to make sure the desired element is located. 

2021-02-24 13:29:35 - [MESSAGE][WARNING] - [SELF-HEALING] Failed to find element with id 'Object Repository/Used/zElement-Bluuu/div_RoomType'. Try using Self-healing.

2021-02-24 13:29:35 - [MESSAGE][ERROR] - [SELF-HEALING] com.google.gson.stream.MalformedJsonException: Expected ':' at line 135 column 10 path $.brokenTestObjects[13].<<<<<<<

2021-02-24 13:29:35 - [MESSAGE][INFO] - [SELF-HEALING] Failed Locator: '//fieldset[@id='__BVID__244']/div/div/button/div[2]'.

2021-02-24 13:29:35 - [MESSAGE][INFO] - [SELF-HEALING] Working Locator: '//div[3]/div[2]/fieldset/div/div/button/div[2]'.

2021-02-24 13:29:36 - [MESSAGE][INFO] - [SELF-HEALING] Screenshot: C:/Users/Katesopon/git/Katalon-GitTestRepo/Reports/Self-healing/Object Repository/Used/zElement-Bluuu/div_RoomType_position.png

2021-02-24 13:29:36 - [MESSAGE][ERROR] - [SELF-HEALING] com.google.gson.stream.MalformedJsonException: Expected ':' at line 135 column 10 path $.brokenTestObjects[13].<<<<<<<

2021-02-24 13:29:36 - [MESSAGE][ERROR] - [SELF-HEALING] C:\Users\Katesopon\git\Katalon-GitTestRepo\Reports\Self-healing\broken-test-objects.json does not exist or is provided by Self-healing Plugin!

2021-02-24 13:29:36 - [MESSAGE][WARNING] - [SELF-HEALING] The current locator of test object 'Object Repository/Used/zElement-Bluuu/div_RoomType' was broken. Propose an alternative one: '//div[3]/div[2]/fieldset/div/div/button/div[2]'.

2021-02-24 13:29:36 - [MESSAGE][PASSED] - Object: 'Object Repository/Used/zElement-Bluuu/div_RoomType' is clicked on

2021-02-24 13:29:36 - [TEST_STEP][PASSED] - click(findTestObject("Used/zElement-Bluuu/li_Condo4Bedroom")): Object: 'Object Repository/Used/zElement-Bluuu/li_Condo4Bedroom' is clicked on

2021-02-24 13:29:38 - [MESSAGE][INFO] - Unable to find the element located by 'By.xpath: //fieldset[@id='__BVID__245']/div/div/div/ul/li[5]'. Please recheck the objects properties to make sure the desired element is located. 

2021-02-24 13:29:38 - [MESSAGE][WARNING] - [SELF-HEALING] Failed to find element with id 'Object Repository/Used/zElement-Bluuu/li_Condo4Bedroom'. Try using Self-healing.

2021-02-24 13:29:38 - [MESSAGE][ERROR] - [SELF-HEALING] com.google.gson.stream.MalformedJsonException: Expected ':' at line 135 column 10 path $.brokenTestObjects[13].<<<<<<<

2021-02-24 13:29:39 - [MESSAGE][INFO] - [SELF-HEALING] Failed Locator: '//fieldset[@id='__BVID__245']/div/div/div/ul/li[5]'.

2021-02-24 13:29:39 - [MESSAGE][INFO] - [SELF-HEALING] Working Locator: '(.//*[normalize-space(text()) and normalize-space(.)='คอนโด 3 ห้องนอน'])[1]/following::li[1]'.

2021-02-24 13:29:39 - [MESSAGE][INFO] - [SELF-HEALING] Screenshot: C:/Users/Katesopon/git/Katalon-GitTestRepo/Reports/Self-healing/Object Repository/Used/zElement-Bluuu/li_Condo4Bedroom_neighbor.png

2021-02-24 13:29:39 - [MESSAGE][ERROR] - [SELF-HEALING] com.google.gson.stream.MalformedJsonException: Expected ':' at line 135 column 10 path $.brokenTestObjects[13].<<<<<<<

2021-02-24 13:29:39 - [MESSAGE][ERROR] - [SELF-HEALING] C:\Users\Katesopon\git\Katalon-GitTestRepo\Reports\Self-healing\broken-test-objects.json does not exist or is provided by Self-healing Plugin!

2021-02-24 13:29:39 - [MESSAGE][WARNING] - [SELF-HEALING] The current locator of test object 'Object Repository/Used/zElement-Bluuu/li_Condo4Bedroom' was broken. Propose an alternative one: '(.//*[normalize-space(text()) and normalize-space(.)='คอนโด 3 ห้องนอน'])[1]/following::li[1]'.

2021-02-24 13:29:39 - [MESSAGE][PASSED] - Object: 'Object Repository/Used/zElement-Bluuu/li_Condo4Bedroom' is clicked on

2021-02-24 13:29:39 - [TEST_STEP][PASSED] - setText(findTestObject("Used/zElement-Bluuu/input_Location"), "House of "): Text 'House of ' is set on object 'Object Repository/Used/zElement-Bluuu/input_Location'

2021-02-24 13:29:41 - [MESSAGE][INFO] - Unable to find the element located by 'By.xpath: //input[@id='__BVID__233']'. Please recheck the objects properties to make sure the desired element is located. 

2021-02-24 13:29:41 - [MESSAGE][WARNING] - [SELF-HEALING] Failed to find element with id 'Object Repository/Used/zElement-Bluuu/input_Location'. Try using Self-healing.

2021-02-24 13:29:41 - [MESSAGE][ERROR] - [SELF-HEALING] com.google.gson.stream.MalformedJsonException: Expected ':' at line 135 column 10 path $.brokenTestObjects[13].<<<<<<<

2021-02-24 13:29:42 - [MESSAGE][INFO] - [SELF-HEALING] Failed Locator: '//input[@id='__BVID__233']'.

2021-02-24 13:29:42 - [MESSAGE][INFO] - [SELF-HEALING] Failed Locator: '//fieldset[@id='__BVID__232']/div/div/div/input'.

2021-02-24 13:29:42 - [MESSAGE][INFO] - [SELF-HEALING] Working Locator: '//fieldset/div/div/div/input'.

2021-02-24 13:29:43 - [MESSAGE][INFO] - [SELF-HEALING] Screenshot: C:/Users/Katesopon/git/Katalon-GitTestRepo/Reports/Self-healing/Object Repository/Used/zElement-Bluuu/input_Location_position.png

2021-02-24 13:29:43 - [MESSAGE][ERROR] - [SELF-HEALING] com.google.gson.stream.MalformedJsonException: Expected ':' at line 135 column 10 path $.brokenTestObjects[13].<<<<<<<

2021-02-24 13:29:43 - [MESSAGE][ERROR] - [SELF-HEALING] C:\Users\Katesopon\git\Katalon-GitTestRepo\Reports\Self-healing\broken-test-objects.json does not exist or is provided by Self-healing Plugin!

2021-02-24 13:29:43 - [MESSAGE][WARNING] - [SELF-HEALING] The current locator of test object 'Object Repository/Used/zElement-Bluuu/input_Location' was broken. Propose an alternative one: '//fieldset/div/div/div/input'.

2021-02-24 13:29:45 - [MESSAGE][INFO] - Unable to find the element located by 'By.xpath: //input[@id='__BVID__233']'. Please recheck the objects properties to make sure the desired element is located. 

2021-02-24 13:29:45 - [MESSAGE][WARNING] - [SELF-HEALING] Failed to find element with id 'Object Repository/Used/zElement-Bluuu/input_Location'. Try using Self-healing.

2021-02-24 13:29:45 - [MESSAGE][ERROR] - [SELF-HEALING] com.google.gson.stream.MalformedJsonException: Expected ':' at line 135 column 10 path $.brokenTestObjects[13].<<<<<<<

2021-02-24 13:29:45 - [MESSAGE][INFO] - [SELF-HEALING] Failed Locator: '//input[@id='__BVID__233']'.

2021-02-24 13:29:45 - [MESSAGE][INFO] - [SELF-HEALING] Failed Locator: '//fieldset[@id='__BVID__232']/div/div/div/input'.

2021-02-24 13:29:46 - [MESSAGE][INFO] - [SELF-HEALING] Working Locator: '//fieldset/div/div/div/input'.

2021-02-24 13:29:46 - [MESSAGE][INFO] - [SELF-HEALING] Screenshot: C:/Users/Katesopon/git/Katalon-GitTestRepo/Reports/Self-healing/Object Repository/Used/zElement-Bluuu/input_Location_position.png

2021-02-24 13:29:46 - [MESSAGE][ERROR] - [SELF-HEALING] com.google.gson.stream.MalformedJsonException: Expected ':' at line 135 column 10 path $.brokenTestObjects[13].<<<<<<<

2021-02-24 13:29:46 - [MESSAGE][ERROR] - [SELF-HEALING] C:\Users\Katesopon\git\Katalon-GitTestRepo\Reports\Self-healing\broken-test-objects.json does not exist or is provided by Self-healing Plugin!

2021-02-24 13:29:46 - [MESSAGE][WARNING] - [SELF-HEALING] The current locator of test object 'Object Repository/Used/zElement-Bluuu/input_Location' was broken. Propose an alternative one: '//fieldset/div/div/div/input'.

2021-02-24 13:29:46 - [MESSAGE][PASSED] - Text 'House of ' is set on object 'Object Repository/Used/zElement-Bluuu/input_Location'

2021-02-24 13:29:46 - [TEST_STEP][PASSED] - delay(7): Delayed 7 second(s)

2021-02-24 13:29:53 - [MESSAGE][PASSED] - Delayed 7 second(s)

2021-02-24 13:29:53 - [TEST_STEP][PASSED] - click(findTestObject("Used/Package-and-Date/div_House of RAMS  53")): Object: 'Object Repository/Used/Package-and-Date/div_House of RAMS  53' is clicked on

2021-02-24 13:29:53 - [MESSAGE][PASSED] - Object: 'Object Repository/Used/Package-and-Date/div_House of RAMS  53' is clicked on

2021-02-24 13:29:53 - [TEST_STEP][PASSED] - click(findTestObject("Used/Package-and-Date/div_Clean-Type")): Object: 'Object Repository/Used/Package-and-Date/div_Clean-Type' is clicked on

2021-02-24 13:29:56 - [MESSAGE][INFO] - Unable to find the element located by 'By.xpath: //fieldset[@id='__BVID__192']/div/div/button/div[2]'. Please recheck the objects properties to make sure the desired element is located. 

2021-02-24 13:29:56 - [MESSAGE][WARNING] - [SELF-HEALING] Failed to find element with id 'Object Repository/Used/Package-and-Date/div_Clean-Type'. Try using Self-healing.

2021-02-24 13:29:56 - [MESSAGE][ERROR] - [SELF-HEALING] com.google.gson.stream.MalformedJsonException: Expected ':' at line 135 column 10 path $.brokenTestObjects[13].<<<<<<<

2021-02-24 13:29:56 - [MESSAGE][INFO] - [SELF-HEALING] Failed Locator: '//fieldset[@id='__BVID__192']/div/div/button/div[2]'.

2021-02-24 13:29:56 - [MESSAGE][INFO] - [SELF-HEALING] Working Locator: '//div[3]/fieldset/div/div/button/div[2]'.

2021-02-24 13:29:56 - [MESSAGE][INFO] - [SELF-HEALING] Screenshot: C:/Users/Katesopon/git/Katalon-GitTestRepo/Reports/Self-healing/Object Repository/Used/Package-and-Date/div_Clean-Type_position.png

2021-02-24 13:29:56 - [MESSAGE][ERROR] - [SELF-HEALING] com.google.gson.stream.MalformedJsonException: Expected ':' at line 135 column 10 path $.brokenTestObjects[13].<<<<<<<

2021-02-24 13:29:56 - [MESSAGE][ERROR] - [SELF-HEALING] C:\Users\Katesopon\git\Katalon-GitTestRepo\Reports\Self-healing\broken-test-objects.json does not exist or is provided by Self-healing Plugin!

2021-02-24 13:29:56 - [MESSAGE][WARNING] - [SELF-HEALING] The current locator of test object 'Object Repository/Used/Package-and-Date/div_Clean-Type' was broken. Propose an alternative one: '//div[3]/fieldset/div/div/button/div[2]'.

2021-02-24 13:29:57 - [MESSAGE][PASSED] - Object: 'Object Repository/Used/Package-and-Date/div_Clean-Type' is clicked on

2021-02-24 13:29:57 - [TEST_STEP][PASSED] - click(findTestObject("Used/Package-and-Date/li_Cleaning")): Object: 'Object Repository/Used/Package-and-Date/li_Cleaning' is clicked on

2021-02-24 13:29:59 - [MESSAGE][INFO] - Unable to find the element located by 'By.xpath: //fieldset[@id='__BVID__192']/div/div/div/ul/li[2]'. Please recheck the objects properties to make sure the desired element is located. 

2021-02-24 13:29:59 - [MESSAGE][WARNING] - [SELF-HEALING] Failed to find element with id 'Object Repository/Used/Package-and-Date/li_Cleaning'. Try using Self-healing.

2021-02-24 13:29:59 - [MESSAGE][ERROR] - [SELF-HEALING] com.google.gson.stream.MalformedJsonException: Expected ':' at line 135 column 10 path $.brokenTestObjects[13].<<<<<<<

2021-02-24 13:29:59 - [MESSAGE][INFO] - [SELF-HEALING] Failed Locator: '//fieldset[@id='__BVID__192']/div/div/div/ul/li[2]'.

2021-02-24 13:29:59 - [MESSAGE][INFO] - [SELF-HEALING] Working Locator: '(.//*[normalize-space(text()) and normalize-space(.)=concat('No results matched ', '"', '', '"', '')])[6]/following::li[1]'.

2021-02-24 13:29:59 - [MESSAGE][INFO] - [SELF-HEALING] Screenshot: C:/Users/Katesopon/git/Katalon-GitTestRepo/Reports/Self-healing/Object Repository/Used/Package-and-Date/li_Cleaning_neighbor.png

2021-02-24 13:29:59 - [MESSAGE][ERROR] - [SELF-HEALING] com.google.gson.stream.MalformedJsonException: Expected ':' at line 135 column 10 path $.brokenTestObjects[13].<<<<<<<

2021-02-24 13:29:59 - [MESSAGE][ERROR] - [SELF-HEALING] C:\Users\Katesopon\git\Katalon-GitTestRepo\Reports\Self-healing\broken-test-objects.json does not exist or is provided by Self-healing Plugin!

2021-02-24 13:29:59 - [MESSAGE][WARNING] - [SELF-HEALING] The current locator of test object 'Object Repository/Used/Package-and-Date/li_Cleaning' was broken. Propose an alternative one: '(.//*[normalize-space(text()) and normalize-space(.)=concat('No results matched ', '"', '', '"', '')])[6]/following::li[1]'.

2021-02-24 13:30:00 - [MESSAGE][PASSED] - Object: 'Object Repository/Used/Package-and-Date/li_Cleaning' is clicked on

2021-02-24 13:30:00 - [TEST_STEP][PASSED] - click(findTestObject("Used/Package-and-Date/label_IgotDog")): Object: 'Object Repository/Used/Package-and-Date/label_IgotDog' is clicked on

2021-02-24 13:30:02 - [MESSAGE][INFO] - Unable to find the element located by 'By.xpath: //div[@id='__BVID__195']/div[2]/label'. Please recheck the objects properties to make sure the desired element is located. 

2021-02-24 13:30:02 - [MESSAGE][WARNING] - [SELF-HEALING] Failed to find element with id 'Object Repository/Used/Package-and-Date/label_IgotDog'. Try using Self-healing.

2021-02-24 13:30:02 - [MESSAGE][ERROR] - [SELF-HEALING] com.google.gson.stream.MalformedJsonException: Expected ':' at line 135 column 10 path $.brokenTestObjects[13].<<<<<<<

2021-02-24 13:30:02 - [MESSAGE][INFO] - [SELF-HEALING] Failed Locator: '//div[@id='__BVID__195']/div[2]/label'.

2021-02-24 13:30:02 - [MESSAGE][INFO] - [SELF-HEALING] Working Locator: '(.//*[normalize-space(text()) and normalize-space(.)='ฉันมีแมว'])[1]/following::label[1]'.

2021-02-24 13:30:02 - [MESSAGE][INFO] - [SELF-HEALING] Screenshot: C:/Users/Katesopon/git/Katalon-GitTestRepo/Reports/Self-healing/Object Repository/Used/Package-and-Date/label_IgotDog_neighbor.png

2021-02-24 13:30:02 - [MESSAGE][ERROR] - [SELF-HEALING] com.google.gson.stream.MalformedJsonException: Expected ':' at line 135 column 10 path $.brokenTestObjects[13].<<<<<<<

2021-02-24 13:30:02 - [MESSAGE][ERROR] - [SELF-HEALING] C:\Users\Katesopon\git\Katalon-GitTestRepo\Reports\Self-healing\broken-test-objects.json does not exist or is provided by Self-healing Plugin!

2021-02-24 13:30:02 - [MESSAGE][WARNING] - [SELF-HEALING] The current locator of test object 'Object Repository/Used/Package-and-Date/label_IgotDog' was broken. Propose an alternative one: '(.//*[normalize-space(text()) and normalize-space(.)='ฉันมีแมว'])[1]/following::label[1]'.

2021-02-24 13:30:03 - [MESSAGE][PASSED] - Object: 'Object Repository/Used/Package-and-Date/label_IgotDog' is clicked on

2021-02-24 13:30:03 - [TEST_STEP][PASSED] - click(findTestObject("Used/Package-and-Date/button_MP-Go-for-Maid")): Object: 'Object Repository/Used/Package-and-Date/button_MP-Go-for-Maid' is clicked on

2021-02-24 13:30:03 - [MESSAGE][PASSED] - Object: 'Object Repository/Used/Package-and-Date/button_MP-Go-for-Maid' is clicked on

2021-02-24 13:30:03 - [TEST_STEP][PASSED] - click(findTestObject("Used/Package-and-Date/img_MP-PMark-Avatar")): Object: 'Object Repository/Used/Package-and-Date/img_MP-PMark-Avatar' is clicked on

2021-02-24 13:30:05 - [MESSAGE][PASSED] - Object: 'Object Repository/Used/Package-and-Date/img_MP-PMark-Avatar' is clicked on

2021-02-24 13:30:05 - [TEST_STEP][PASSED] - click(findTestObject("Object Repository/By Case/18/Page_Bluuu/img__mr-2")): Object: 'Object Repository/By Case/18/Page_Bluuu/img__mr-2' is clicked on

2021-02-24 13:30:08 - [MESSAGE][PASSED] - Object: 'Object Repository/By Case/18/Page_Bluuu/img__mr-2' is clicked on

2021-02-24 13:30:08 - [TEST_STEP][PASSED] - click(findTestObject("Used/Package-and-Date/div_Duration")): Object: 'Object Repository/Used/Package-and-Date/div_Duration' is clicked on

2021-02-24 13:30:11 - [MESSAGE][INFO] - Unable to find the element located by 'By.xpath: //fieldset[@id='__BVID__487']/div/div/button/div[2]'. Please recheck the objects properties to make sure the desired element is located. 

2021-02-24 13:30:11 - [MESSAGE][WARNING] - [SELF-HEALING] Failed to find element with id 'Object Repository/Used/Package-and-Date/div_Duration'. Try using Self-healing.

2021-02-24 13:30:11 - [MESSAGE][ERROR] - [SELF-HEALING] com.google.gson.stream.MalformedJsonException: Expected ':' at line 135 column 10 path $.brokenTestObjects[13].<<<<<<<

2021-02-24 13:30:11 - [MESSAGE][INFO] - [SELF-HEALING] Failed Locator: '//fieldset[@id='__BVID__487']/div/div/button/div[2]'.

2021-02-24 13:30:11 - [MESSAGE][INFO] - [SELF-HEALING] Working Locator: '//button/div[2]'.

2021-02-24 13:30:11 - [MESSAGE][INFO] - [SELF-HEALING] Screenshot: C:/Users/Katesopon/git/Katalon-GitTestRepo/Reports/Self-healing/Object Repository/Used/Package-and-Date/div_Duration_position.png

2021-02-24 13:30:11 - [MESSAGE][ERROR] - [SELF-HEALING] com.google.gson.stream.MalformedJsonException: Expected ':' at line 135 column 10 path $.brokenTestObjects[13].<<<<<<<

2021-02-24 13:30:11 - [MESSAGE][ERROR] - [SELF-HEALING] C:\Users\Katesopon\git\Katalon-GitTestRepo\Reports\Self-healing\broken-test-objects.json does not exist or is provided by Self-healing Plugin!

2021-02-24 13:30:11 - [MESSAGE][WARNING] - [SELF-HEALING] The current locator of test object 'Object Repository/Used/Package-and-Date/div_Duration' was broken. Propose an alternative one: '//button/div[2]'.

2021-02-24 13:30:12 - [MESSAGE][PASSED] - Object: 'Object Repository/Used/Package-and-Date/div_Duration' is clicked on

2021-02-24 13:30:12 - [TEST_STEP][PASSED] - click(findTestObject("Used/Package-and-Date/li_2 hours")): Object: 'Object Repository/Used/Package-and-Date/li_2 hours' is clicked on

2021-02-24 13:30:14 - [MESSAGE][INFO] - Unable to find the element located by 'By.xpath: //fieldset[@id='__BVID__487']/div/div/div/ul/li[2]'. Please recheck the objects properties to make sure the desired element is located. 

2021-02-24 13:30:14 - [MESSAGE][WARNING] - [SELF-HEALING] Failed to find element with id 'Object Repository/Used/Package-and-Date/li_2 hours'. Try using Self-healing.

2021-02-24 13:30:14 - [MESSAGE][ERROR] - [SELF-HEALING] com.google.gson.stream.MalformedJsonException: Expected ':' at line 135 column 10 path $.brokenTestObjects[13].<<<<<<<

2021-02-24 13:30:14 - [MESSAGE][INFO] - [SELF-HEALING] Failed Locator: '//fieldset[@id='__BVID__487']/div/div/div/ul/li[2]'.

2021-02-24 13:30:14 - [MESSAGE][INFO] - [SELF-HEALING] Working Locator: '(.//*[normalize-space(text()) and normalize-space(.)=concat('No results matched ', '"', '', '"', '')])[1]/following::li[1]'.

2021-02-24 13:30:15 - [MESSAGE][INFO] - [SELF-HEALING] Screenshot: C:/Users/Katesopon/git/Katalon-GitTestRepo/Reports/Self-healing/Object Repository/Used/Package-and-Date/li_2 hours_neighbor.png

2021-02-24 13:30:15 - [MESSAGE][ERROR] - [SELF-HEALING] com.google.gson.stream.MalformedJsonException: Expected ':' at line 135 column 10 path $.brokenTestObjects[13].<<<<<<<

2021-02-24 13:30:15 - [MESSAGE][ERROR] - [SELF-HEALING] C:\Users\Katesopon\git\Katalon-GitTestRepo\Reports\Self-healing\broken-test-objects.json does not exist or is provided by Self-healing Plugin!

2021-02-24 13:30:15 - [MESSAGE][WARNING] - [SELF-HEALING] The current locator of test object 'Object Repository/Used/Package-and-Date/li_2 hours' was broken. Propose an alternative one: '(.//*[normalize-space(text()) and normalize-space(.)=concat('No results matched ', '"', '', '"', '')])[1]/following::li[1]'.

2021-02-24 13:30:15 - [MESSAGE][PASSED] - Object: 'Object Repository/Used/Package-and-Date/li_2 hours' is clicked on

2021-02-24 13:30:15 - [TEST_STEP][PASSED] - click(findTestObject("Used/Package-and-Date/div_How-many-Time")): Object: 'Object Repository/Used/Package-and-Date/div_How-many-Time' is clicked on

2021-02-24 13:30:17 - [MESSAGE][INFO] - Unable to find the element located by 'By.xpath: //fieldset[@id='__BVID__489']/div/div/button/div[2]'. Please recheck the objects properties to make sure the desired element is located. 

2021-02-24 13:30:17 - [MESSAGE][WARNING] - [SELF-HEALING] Failed to find element with id 'Object Repository/Used/Package-and-Date/div_How-many-Time'. Try using Self-healing.

2021-02-24 13:30:17 - [MESSAGE][ERROR] - [SELF-HEALING] com.google.gson.stream.MalformedJsonException: Expected ':' at line 135 column 10 path $.brokenTestObjects[13].<<<<<<<

2021-02-24 13:30:17 - [MESSAGE][INFO] - [SELF-HEALING] Failed Locator: '//fieldset[@id='__BVID__489']/div/div/button/div[2]'.

2021-02-24 13:30:17 - [MESSAGE][INFO] - [SELF-HEALING] Working Locator: '//div[2]/fieldset/div/div/button/div[2]'.

2021-02-24 13:30:18 - [MESSAGE][INFO] - [SELF-HEALING] Screenshot: C:/Users/Katesopon/git/Katalon-GitTestRepo/Reports/Self-healing/Object Repository/Used/Package-and-Date/div_How-many-Time_position.png

2021-02-24 13:30:18 - [MESSAGE][ERROR] - [SELF-HEALING] com.google.gson.stream.MalformedJsonException: Expected ':' at line 135 column 10 path $.brokenTestObjects[13].<<<<<<<

2021-02-24 13:30:18 - [MESSAGE][ERROR] - [SELF-HEALING] C:\Users\Katesopon\git\Katalon-GitTestRepo\Reports\Self-healing\broken-test-objects.json does not exist or is provided by Self-healing Plugin!

2021-02-24 13:30:18 - [MESSAGE][WARNING] - [SELF-HEALING] The current locator of test object 'Object Repository/Used/Package-and-Date/div_How-many-Time' was broken. Propose an alternative one: '//div[2]/fieldset/div/div/button/div[2]'.

2021-02-24 13:30:18 - [MESSAGE][PASSED] - Object: 'Object Repository/Used/Package-and-Date/div_How-many-Time' is clicked on

2021-02-24 13:30:18 - [TEST_STEP][PASSED] - click(findTestObject("Used/Package-and-Date/li_4Times")): Object: 'Object Repository/Used/Package-and-Date/li_4Times' is clicked on

2021-02-24 13:30:20 - [MESSAGE][INFO] - Unable to find the element located by 'By.xpath: //fieldset[@id='__BVID__489']/div/div/div/ul/li[2]'. Please recheck the objects properties to make sure the desired element is located. 

2021-02-24 13:30:20 - [MESSAGE][WARNING] - [SELF-HEALING] Failed to find element with id 'Object Repository/Used/Package-and-Date/li_4Times'. Try using Self-healing.

2021-02-24 13:30:20 - [MESSAGE][ERROR] - [SELF-HEALING] com.google.gson.stream.MalformedJsonException: Expected ':' at line 135 column 10 path $.brokenTestObjects[13].<<<<<<<

2021-02-24 13:30:20 - [MESSAGE][INFO] - [SELF-HEALING] Failed Locator: '//fieldset[@id='__BVID__489']/div/div/div/ul/li[2]'.

2021-02-24 13:30:20 - [MESSAGE][INFO] - [SELF-HEALING] Working Locator: '(.//*[normalize-space(text()) and normalize-space(.)=concat('No results matched ', '"', '', '"', '')])[2]/following::li[1]'.

2021-02-24 13:30:21 - [MESSAGE][INFO] - [SELF-HEALING] Screenshot: C:/Users/Katesopon/git/Katalon-GitTestRepo/Reports/Self-healing/Object Repository/Used/Package-and-Date/li_4Times_neighbor.png

2021-02-24 13:30:21 - [MESSAGE][ERROR] - [SELF-HEALING] com.google.gson.stream.MalformedJsonException: Expected ':' at line 135 column 10 path $.brokenTestObjects[13].<<<<<<<

2021-02-24 13:30:21 - [MESSAGE][ERROR] - [SELF-HEALING] C:\Users\Katesopon\git\Katalon-GitTestRepo\Reports\Self-healing\broken-test-objects.json does not exist or is provided by Self-healing Plugin!

2021-02-24 13:30:21 - [MESSAGE][WARNING] - [SELF-HEALING] The current locator of test object 'Object Repository/Used/Package-and-Date/li_4Times' was broken. Propose an alternative one: '(.//*[normalize-space(text()) and normalize-space(.)=concat('No results matched ', '"', '', '"', '')])[2]/following::li[1]'.

2021-02-24 13:30:21 - [MESSAGE][PASSED] - Object: 'Object Repository/Used/Package-and-Date/li_4Times' is clicked on

2021-02-24 13:30:21 - [TEST_STEP][PASSED] - click(findTestObject("Used/Package-and-Date/div_Repeated-Day")): Object: 'Object Repository/Used/Package-and-Date/div_Repeated-Day' is clicked on

2021-02-24 13:30:23 - [MESSAGE][INFO] - Unable to find the element located by 'By.xpath: //fieldset[@id='__BVID__493']/div/div/button/div[2]'. Please recheck the objects properties to make sure the desired element is located. 

2021-02-24 13:30:23 - [MESSAGE][WARNING] - [SELF-HEALING] Failed to find element with id 'Object Repository/Used/Package-and-Date/div_Repeated-Day'. Try using Self-healing.

2021-02-24 13:30:23 - [MESSAGE][ERROR] - [SELF-HEALING] com.google.gson.stream.MalformedJsonException: Expected ':' at line 135 column 10 path $.brokenTestObjects[13].<<<<<<<

2021-02-24 13:30:23 - [MESSAGE][INFO] - [SELF-HEALING] Failed Locator: '//fieldset[@id='__BVID__493']/div/div/button/div[2]'.

2021-02-24 13:30:24 - [MESSAGE][INFO] - [SELF-HEALING] Working Locator: '//div[2]/div/div[4]/div/fieldset/div/div/button/div[2]'.

2021-02-24 13:30:24 - [MESSAGE][INFO] - [SELF-HEALING] Screenshot: C:/Users/Katesopon/git/Katalon-GitTestRepo/Reports/Self-healing/Object Repository/Used/Package-and-Date/div_Repeated-Day_position.png

2021-02-24 13:30:24 - [MESSAGE][ERROR] - [SELF-HEALING] com.google.gson.stream.MalformedJsonException: Expected ':' at line 135 column 10 path $.brokenTestObjects[13].<<<<<<<

2021-02-24 13:30:24 - [MESSAGE][ERROR] - [SELF-HEALING] C:\Users\Katesopon\git\Katalon-GitTestRepo\Reports\Self-healing\broken-test-objects.json does not exist or is provided by Self-healing Plugin!

2021-02-24 13:30:24 - [MESSAGE][WARNING] - [SELF-HEALING] The current locator of test object 'Object Repository/Used/Package-and-Date/div_Repeated-Day' was broken. Propose an alternative one: '//div[2]/div/div[4]/div/fieldset/div/div/button/div[2]'.

2021-02-24 13:30:24 - [MESSAGE][PASSED] - Object: 'Object Repository/Used/Package-and-Date/div_Repeated-Day' is clicked on

2021-02-24 13:30:24 - [TEST_STEP][PASSED] - click(findTestObject("Used/Package-and-Date/li_Tuesday")): Object: 'Object Repository/Used/Package-and-Date/li_Tuesday' is clicked on

2021-02-24 13:30:26 - [MESSAGE][INFO] - Unable to find the element located by 'By.xpath: //fieldset[@id='__BVID__493']/div/div/div/ul/li[4]'. Please recheck the objects properties to make sure the desired element is located. 

2021-02-24 13:30:26 - [MESSAGE][WARNING] - [SELF-HEALING] Failed to find element with id 'Object Repository/Used/Package-and-Date/li_Tuesday'. Try using Self-healing.

2021-02-24 13:30:26 - [MESSAGE][ERROR] - [SELF-HEALING] com.google.gson.stream.MalformedJsonException: Expected ':' at line 135 column 10 path $.brokenTestObjects[13].<<<<<<<

2021-02-24 13:30:26 - [MESSAGE][INFO] - [SELF-HEALING] Failed Locator: '//fieldset[@id='__BVID__493']/div/div/div/ul/li[4]'.

2021-02-24 13:30:27 - [MESSAGE][INFO] - [SELF-HEALING] Working Locator: '(.//*[normalize-space(text()) and normalize-space(.)='จันทร์'])[1]/following::li[1]'.

2021-02-24 13:30:27 - [MESSAGE][INFO] - [SELF-HEALING] Screenshot: C:/Users/Katesopon/git/Katalon-GitTestRepo/Reports/Self-healing/Object Repository/Used/Package-and-Date/li_Tuesday_neighbor.png

2021-02-24 13:30:27 - [MESSAGE][ERROR] - [SELF-HEALING] com.google.gson.stream.MalformedJsonException: Expected ':' at line 135 column 10 path $.brokenTestObjects[13].<<<<<<<

2021-02-24 13:30:27 - [MESSAGE][ERROR] - [SELF-HEALING] C:\Users\Katesopon\git\Katalon-GitTestRepo\Reports\Self-healing\broken-test-objects.json does not exist or is provided by Self-healing Plugin!

2021-02-24 13:30:27 - [MESSAGE][WARNING] - [SELF-HEALING] The current locator of test object 'Object Repository/Used/Package-and-Date/li_Tuesday' was broken. Propose an alternative one: '(.//*[normalize-space(text()) and normalize-space(.)='จันทร์'])[1]/following::li[1]'.

2021-02-24 13:30:27 - [MESSAGE][PASSED] - Object: 'Object Repository/Used/Package-and-Date/li_Tuesday' is clicked on

2021-02-24 13:30:27 - [TEST_STEP][PASSED] - click(findTestObject("Used/Package-and-Date/div_Each-Time")): Object: 'Object Repository/Used/Package-and-Date/div_Each-Time' is clicked on

2021-02-24 13:30:29 - [MESSAGE][INFO] - Unable to find the element located by 'By.xpath: //fieldset[@id='__BVID__495']/div/div/button/div[2]'. Please recheck the objects properties to make sure the desired element is located. 

2021-02-24 13:30:29 - [MESSAGE][WARNING] - [SELF-HEALING] Failed to find element with id 'Object Repository/Used/Package-and-Date/div_Each-Time'. Try using Self-healing.

2021-02-24 13:30:29 - [MESSAGE][ERROR] - [SELF-HEALING] com.google.gson.stream.MalformedJsonException: Expected ':' at line 135 column 10 path $.brokenTestObjects[13].<<<<<<<

2021-02-24 13:30:30 - [MESSAGE][INFO] - [SELF-HEALING] Failed Locator: '//fieldset[@id='__BVID__495']/div/div/button/div[2]'.

2021-02-24 13:30:30 - [MESSAGE][INFO] - [SELF-HEALING] Working Locator: '//div[2]/div/div[4]/div[2]/fieldset/div/div/button/div[2]'.

2021-02-24 13:30:30 - [MESSAGE][INFO] - [SELF-HEALING] Screenshot: C:/Users/Katesopon/git/Katalon-GitTestRepo/Reports/Self-healing/Object Repository/Used/Package-and-Date/div_Each-Time_position.png

2021-02-24 13:30:30 - [MESSAGE][ERROR] - [SELF-HEALING] com.google.gson.stream.MalformedJsonException: Expected ':' at line 135 column 10 path $.brokenTestObjects[13].<<<<<<<

2021-02-24 13:30:30 - [MESSAGE][ERROR] - [SELF-HEALING] C:\Users\Katesopon\git\Katalon-GitTestRepo\Reports\Self-healing\broken-test-objects.json does not exist or is provided by Self-healing Plugin!

2021-02-24 13:30:30 - [MESSAGE][WARNING] - [SELF-HEALING] The current locator of test object 'Object Repository/Used/Package-and-Date/div_Each-Time' was broken. Propose an alternative one: '//div[2]/div/div[4]/div[2]/fieldset/div/div/button/div[2]'.

2021-02-24 13:30:30 - [MESSAGE][PASSED] - Object: 'Object Repository/Used/Package-and-Date/div_Each-Time' is clicked on

2021-02-24 13:30:30 - [TEST_STEP][PASSED] - click(findTestObject("Used/Package-and-Date/li_1900 - 2100")): Object: 'Object Repository/Used/Package-and-Date/li_1900 - 2100' is clicked on

2021-02-24 13:30:33 - [MESSAGE][INFO] - Unable to find the element located by 'By.xpath: //fieldset[@id='__BVID__495']/div/div/div/ul/li[28]'. Please recheck the objects properties to make sure the desired element is located. 

2021-02-24 13:30:33 - [MESSAGE][WARNING] - [SELF-HEALING] Failed to find element with id 'Object Repository/Used/Package-and-Date/li_1900 - 2100'. Try using Self-healing.

2021-02-24 13:30:33 - [MESSAGE][ERROR] - [SELF-HEALING] com.google.gson.stream.MalformedJsonException: Expected ':' at line 135 column 10 path $.brokenTestObjects[13].<<<<<<<

2021-02-24 13:30:33 - [MESSAGE][INFO] - [SELF-HEALING] Failed Locator: '//fieldset[@id='__BVID__495']/div/div/div/ul/li[28]'.

2021-02-24 13:30:33 - [MESSAGE][INFO] - [SELF-HEALING] Working Locator: '(.//*[normalize-space(text()) and normalize-space(.)=concat('No results matched ', '"', '', '"', '')])[4]/following::li[27]'.

2021-02-24 13:30:34 - [MESSAGE][INFO] - [SELF-HEALING] Screenshot: C:/Users/Katesopon/git/Katalon-GitTestRepo/Reports/Self-healing/Object Repository/Used/Package-and-Date/li_1900 - 2100_neighbor.png

2021-02-24 13:30:34 - [MESSAGE][ERROR] - [SELF-HEALING] com.google.gson.stream.MalformedJsonException: Expected ':' at line 135 column 10 path $.brokenTestObjects[13].<<<<<<<

2021-02-24 13:30:34 - [MESSAGE][ERROR] - [SELF-HEALING] C:\Users\Katesopon\git\Katalon-GitTestRepo\Reports\Self-healing\broken-test-objects.json does not exist or is provided by Self-healing Plugin!

2021-02-24 13:30:34 - [MESSAGE][WARNING] - [SELF-HEALING] The current locator of test object 'Object Repository/Used/Package-and-Date/li_1900 - 2100' was broken. Propose an alternative one: '(.//*[normalize-space(text()) and normalize-space(.)=concat('No results matched ', '"', '', '"', '')])[4]/following::li[27]'.

2021-02-24 13:30:34 - [MESSAGE][PASSED] - Object: 'Object Repository/Used/Package-and-Date/li_1900 - 2100' is clicked on

2021-02-24 13:30:34 - [TEST_STEP][PASSED] - click(findTestObject("Used/zElement-Bluuu/span_I Accept")): Object: 'Object Repository/Used/zElement-Bluuu/span_I Accept' is clicked on

2021-02-24 13:30:36 - [MESSAGE][INFO] - Unable to find the element located by 'By.xpath: //div[@id='app']/main/div/div[4]/div[2]/div[2]/div/div/label/span'. Please recheck the objects properties to make sure the desired element is located. 

2021-02-24 13:30:36 - [MESSAGE][WARNING] - [SELF-HEALING] Failed to find element with id 'Object Repository/Used/zElement-Bluuu/span_I Accept'. Try using Self-healing.

2021-02-24 13:30:36 - [MESSAGE][ERROR] - [SELF-HEALING] com.google.gson.stream.MalformedJsonException: Expected ':' at line 135 column 10 path $.brokenTestObjects[13].<<<<<<<

2021-02-24 13:30:37 - [MESSAGE][INFO] - [SELF-HEALING] Failed Locator: '//div[@id='app']/main/div/div[4]/div[2]/div[2]/div/div/label/span'.

2021-02-24 13:30:37 - [MESSAGE][INFO] - [SELF-HEALING] Working Locator: '(.//*[normalize-space(text()) and normalize-space(.)='ฉันมีสุนัข'])[1]/following::span[1]'.

2021-02-24 13:30:37 - [MESSAGE][INFO] - [SELF-HEALING] Screenshot: C:/Users/Katesopon/git/Katalon-GitTestRepo/Reports/Self-healing/Object Repository/Used/zElement-Bluuu/span_I Accept_neighbor.png

2021-02-24 13:30:37 - [MESSAGE][ERROR] - [SELF-HEALING] com.google.gson.stream.MalformedJsonException: Expected ':' at line 135 column 10 path $.brokenTestObjects[13].<<<<<<<

2021-02-24 13:30:37 - [MESSAGE][ERROR] - [SELF-HEALING] C:\Users\Katesopon\git\Katalon-GitTestRepo\Reports\Self-healing\broken-test-objects.json does not exist or is provided by Self-healing Plugin!

2021-02-24 13:30:37 - [MESSAGE][WARNING] - [SELF-HEALING] The current locator of test object 'Object Repository/Used/zElement-Bluuu/span_I Accept' was broken. Propose an alternative one: '(.//*[normalize-space(text()) and normalize-space(.)='ฉันมีสุนัข'])[1]/following::span[1]'.

2021-02-24 13:30:37 - [MESSAGE][PASSED] - Object: 'Object Repository/Used/zElement-Bluuu/span_I Accept' is clicked on

2021-02-24 13:30:37 - [TEST_STEP][PASSED] - click(findTestObject("Used/Package-and-Date/button_Booknow")): Object: 'Object Repository/Used/Package-and-Date/button_Booknow' is clicked on

2021-02-24 13:30:38 - [MESSAGE][PASSED] - Object: 'Object Repository/Used/Package-and-Date/button_Booknow' is clicked on

2021-02-24 13:30:38 - [TEST_STEP][PASSED] - click(findTestObject("Used/zElement-Bluuu/button_ConfirmBookNow")): Object: 'Object Repository/Used/zElement-Bluuu/button_ConfirmBookNow' is clicked on

2021-02-24 13:30:39 - [MESSAGE][PASSED] - Object: 'Object Repository/Used/zElement-Bluuu/button_ConfirmBookNow' is clicked on

2021-02-24 13:30:39 - [TEST_STEP][PASSED] - click(findTestObject("Used/Page-Payment/a_ClckPromptPay")): Object: 'Object Repository/Used/Page-Payment/a_ClckPromptPay' is clicked on

2021-02-24 13:30:42 - [MESSAGE][PASSED] - Object: 'Object Repository/Used/Page-Payment/a_ClckPromptPay' is clicked on

2021-02-24 13:30:42 - [TEST_STEP][PASSED] - setText(findTestObject("Used/Page-Payment/input_TxtPromptPayName"), "test"): Text 'test' is set on object 'Object Repository/Used/Page-Payment/input_TxtPromptPayName'

2021-02-24 13:30:43 - [MESSAGE][PASSED] - Text 'test' is set on object 'Object Repository/Used/Page-Payment/input_TxtPromptPayName'

2021-02-24 13:30:43 - [TEST_STEP][PASSED] - click(findTestObject("Used/Page-Payment/input_BtnPromptPaySubmit")): Object: 'Object Repository/Used/Page-Payment/input_BtnPromptPaySubmit' is clicked on

2021-02-24 13:30:43 - [MESSAGE][PASSED] - Object: 'Object Repository/Used/Page-Payment/input_BtnPromptPaySubmit' is clicked on

2021-02-24 13:30:43 - [TEST_STEP][PASSED] - waitForElementClickable(findTestObject("Used/zElement-Bluuu/button_MyPayment"), 360): Object 'Object Repository/Used/zElement-Bluuu/button_MyPayment' is clickable

2021-02-24 13:31:30 - [MESSAGE][PASSED] - Object 'Object Repository/Used/zElement-Bluuu/button_MyPayment' is clickable

2021-02-24 13:31:30 - [TEST_STEP][PASSED] - click(findTestObject("Used/zElement-Bluuu/button_MyPayment")): Object: 'Object Repository/Used/zElement-Bluuu/button_MyPayment' is clicked on

2021-02-24 13:31:31 - [MESSAGE][PASSED] - Object: 'Object Repository/Used/zElement-Bluuu/button_MyPayment' is clicked on

2021-02-24 13:31:31 - [TEST_STEP][PASSED] - td_getdura = getText(findTestObject("Object Repository/Temp/Page_Bluuu/td_getdura")): Text of object 'Object Repository/Temp/Page_Bluuu/td_getdura' is: 'แพ็กเกจ: 2 ชม. x 4 ครั้ง'

2021-02-24 13:31:33 - [MESSAGE][INFO] - Unable to find the element located by 'By.xpath: //table[@id='__BVID__166']/tbody/tr/td[2]'. Please recheck the objects properties to make sure the desired element is located. 

2021-02-24 13:31:33 - [MESSAGE][WARNING] - [SELF-HEALING] Failed to find element with id 'Object Repository/Temp/Page_Bluuu/td_getdura'. Try using Self-healing.

2021-02-24 13:31:33 - [MESSAGE][ERROR] - [SELF-HEALING] com.google.gson.stream.MalformedJsonException: Expected ':' at line 135 column 10 path $.brokenTestObjects[13].<<<<<<<

2021-02-24 13:31:33 - [MESSAGE][INFO] - [SELF-HEALING] Failed Locator: '//table[@id='__BVID__166']/tbody/tr/td[2]'.

2021-02-24 13:31:33 - [MESSAGE][INFO] - [SELF-HEALING] Working Locator: '(.//*[normalize-space(text()) and normalize-space(.)='ราคา'])[1]/following::td[2]'.

2021-02-24 13:31:34 - [MESSAGE][INFO] - [SELF-HEALING] Screenshot: C:/Users/Katesopon/git/Katalon-GitTestRepo/Reports/Self-healing/Object Repository/Temp/Page_Bluuu/td_getdura_neighbor.png

2021-02-24 13:31:34 - [MESSAGE][ERROR] - [SELF-HEALING] com.google.gson.stream.MalformedJsonException: Expected ':' at line 135 column 10 path $.brokenTestObjects[13].<<<<<<<

2021-02-24 13:31:34 - [MESSAGE][ERROR] - [SELF-HEALING] C:\Users\Katesopon\git\Katalon-GitTestRepo\Reports\Self-healing\broken-test-objects.json does not exist or is provided by Self-healing Plugin!

2021-02-24 13:31:34 - [MESSAGE][WARNING] - [SELF-HEALING] The current locator of test object 'Object Repository/Temp/Page_Bluuu/td_getdura' was broken. Propose an alternative one: '(.//*[normalize-space(text()) and normalize-space(.)='ราคา'])[1]/following::td[2]'.

2021-02-24 13:31:34 - [MESSAGE][PASSED] - Text of object 'Object Repository/Temp/Page_Bluuu/td_getdura' is: 'แพ็กเกจ: 2 ชม. x 4 ครั้ง'

2021-02-24 13:31:34 - [TEST_STEP][PASSED] - getmaid = getText(findTestObject("Object Repository/Temp/Page_Bluuu/span_getmaid")): Text of object 'Object Repository/Temp/Page_Bluuu/span_getmaid' is: 'Mark 〽️ Phoom'

2021-02-24 13:31:36 - [MESSAGE][INFO] - Unable to find the element located by 'By.xpath: //table[@id='__BVID__166']/tbody/tr/td[4]/div/span'. Please recheck the objects properties to make sure the desired element is located. 

2021-02-24 13:31:36 - [MESSAGE][WARNING] - [SELF-HEALING] Failed to find element with id 'Object Repository/Temp/Page_Bluuu/span_getmaid'. Try using Self-healing.

2021-02-24 13:31:36 - [MESSAGE][ERROR] - [SELF-HEALING] com.google.gson.stream.MalformedJsonException: Expected ':' at line 135 column 10 path $.brokenTestObjects[13].<<<<<<<

2021-02-24 13:31:36 - [MESSAGE][INFO] - [SELF-HEALING] Failed Locator: '//table[@id='__BVID__166']/tbody/tr/td[4]/div/span'.

2021-02-24 13:31:37 - [MESSAGE][INFO] - [SELF-HEALING] Working Locator: '(.//*[normalize-space(text()) and normalize-space(.)='แพ็กเกจ: 2 ชม. x 4 ครั้ง'])[1]/following::span[1]'.

2021-02-24 13:31:37 - [MESSAGE][INFO] - [SELF-HEALING] Screenshot: C:/Users/Katesopon/git/Katalon-GitTestRepo/Reports/Self-healing/Object Repository/Temp/Page_Bluuu/span_getmaid_neighbor.png

2021-02-24 13:31:37 - [MESSAGE][ERROR] - [SELF-HEALING] com.google.gson.stream.MalformedJsonException: Expected ':' at line 135 column 10 path $.brokenTestObjects[13].<<<<<<<

2021-02-24 13:31:37 - [MESSAGE][ERROR] - [SELF-HEALING] C:\Users\Katesopon\git\Katalon-GitTestRepo\Reports\Self-healing\broken-test-objects.json does not exist or is provided by Self-healing Plugin!

2021-02-24 13:31:37 - [MESSAGE][WARNING] - [SELF-HEALING] The current locator of test object 'Object Repository/Temp/Page_Bluuu/span_getmaid' was broken. Propose an alternative one: '(.//*[normalize-space(text()) and normalize-space(.)='แพ็กเกจ: 2 ชม. x 4 ครั้ง'])[1]/following::span[1]'.

2021-02-24 13:31:37 - [MESSAGE][PASSED] - Text of object 'Object Repository/Temp/Page_Bluuu/span_getmaid' is: 'Mark 〽️ Phoom'

2021-02-24 13:31:37 - [TEST_STEP][PASSED] - if (td_getdura == "แพ็กเกจ: 2 ชม. x 4 ครั้ง"): null

2021-02-24 13:31:37 - [TEST_STEP][PASSED] - a = 1: null

2021-02-24 13:31:37 - [TEST_STEP][PASSED] - if (getmaid == "Mark 〽️ Phoom"): null

2021-02-24 13:31:37 - [TEST_STEP][PASSED] - b = 1: null

2021-02-24 13:31:37 - [TEST_STEP][PASSED] - if (a + b == 2): Browser is closed

2021-02-24 13:31:37 - [TEST_STEP][PASSED] - closeBrowser(): Browser is closed

2021-02-24 13:31:38 - [MESSAGE][PASSED] - Browser is closed]]></system-out>
         <system-err><![CDATA[]]></system-err>
      </testcase>
      <testcase name="Test Cases/Login before use a service/14_MP with Promotion" time="133.34" classname="Test Cases/Login before use a service/14_MP with Promotion" status="PASSED">
         <system-out><![CDATA[2021-02-24 13:31:38 - [TEST_CASE][PASSED] - Test Cases/Login before use a service/14_MP with Promotion: Test Cases/Login before use a service/14_MP with Promotion

2021-02-24 13:31:39 - [TEST_STEP][PASSED] - openBrowser(""): Browser is opened with url: ''

2021-02-24 13:31:39 - [MESSAGE][INFO] - Starting 'Chrome' driver

2021-02-24 13:31:39 - [MESSAGE][INFO] - Action delay is set to 0 milliseconds

2021-02-24 13:31:40 - [MESSAGE][PASSED] - Browser is opened with url: ''

2021-02-24 13:31:40 - [TEST_STEP][PASSED] - maximizeWindow(): Current window maximized

2021-02-24 13:31:40 - [MESSAGE][PASSED] - Current window maximized

2021-02-24 13:31:40 - [TEST_STEP][PASSED] - navigateToUrl("https://uat.bluuu.co/"): Navigate to 'https://uat.bluuu.co/' successfully

2021-02-24 13:31:43 - [MESSAGE][PASSED] - Navigate to 'https://uat.bluuu.co/' successfully

2021-02-24 13:31:43 - [TEST_STEP][PASSED] - click(findTestObject("Used/zElement-Bluuu/img_TH_avatar_Not-Login")): Object: 'Object Repository/Used/zElement-Bluuu/img_TH_avatar_Not-Login' is clicked on

2021-02-24 13:31:44 - [MESSAGE][PASSED] - Object: 'Object Repository/Used/zElement-Bluuu/img_TH_avatar_Not-Login' is clicked on

2021-02-24 13:31:44 - [TEST_STEP][PASSED] - click(findTestObject("Used/zElement-Bluuu/button_ Facebook_Login")): Object: 'Object Repository/Used/zElement-Bluuu/button_ Facebook_Login' is clicked on

2021-02-24 13:31:44 - [MESSAGE][PASSED] - Object: 'Object Repository/Used/zElement-Bluuu/button_ Facebook_Login' is clicked on

2021-02-24 13:31:44 - [TEST_STEP][PASSED] - switchToWindowTitle("Facebook"): Switched to window with title: 'Facebook'

2021-02-24 13:31:47 - [MESSAGE][PASSED] - Switched to window with title: 'Facebook'

2021-02-24 13:31:47 - [TEST_STEP][PASSED] - setText(findTestObject("Used/Page-Facebook/input__email"), "qmkecjunto_1612852822@tfbnw.net"): Text 'qmkecjunto_1612852822@tfbnw.net' is set on object 'Object Repository/Used/Page-Facebook/input__email'

2021-02-24 13:31:47 - [MESSAGE][PASSED] - Text 'qmkecjunto_1612852822@tfbnw.net' is set on object 'Object Repository/Used/Page-Facebook/input__email'

2021-02-24 13:31:47 - [TEST_STEP][PASSED] - setEncryptedText(findTestObject("Used/Page-Facebook/input__pass"), "gOP7IdE590r7JITAEPMRJQ=="): Text ****** has been set on object 'Object Repository/Used/Page-Facebook/input__pass'

2021-02-24 13:31:48 - [MESSAGE][PASSED] - Text ****** has been set on object 'Object Repository/Used/Page-Facebook/input__pass'

2021-02-24 13:31:48 - [TEST_STEP][PASSED] - click(findTestObject("Used/Page-Facebook/label__loginbutton")): Object: 'Object Repository/Used/Page-Facebook/label__loginbutton' is clicked on

2021-02-24 13:31:48 - [MESSAGE][PASSED] - Object: 'Object Repository/Used/Page-Facebook/label__loginbutton' is clicked on

2021-02-24 13:31:48 - [TEST_STEP][PASSED] - delay(7): Delayed 7 second(s)

2021-02-24 13:31:55 - [MESSAGE][PASSED] - Delayed 7 second(s)

2021-02-24 13:31:55 - [TEST_STEP][PASSED] - switchToWindowTitle("Bluuu - จ้างแม่บ้าน ผู้เชี่ยวชาญเรื่องบ้านที่คุณไว้วางใจได้มากที่สุด"): Switched to window with title: 'Bluuu - จ้างแม่บ้าน ผู้เชี่ยวชาญเรื่องบ้านที่คุณไว้วางใจได้มากที่สุด'

2021-02-24 13:31:55 - [MESSAGE][PASSED] - Switched to window with title: 'Bluuu - จ้างแม่บ้าน ผู้เชี่ยวชาญเรื่องบ้านที่คุณไว้วางใจได้มากที่สุด'

2021-02-24 13:31:55 - [TEST_STEP][PASSED] - click(findTestObject("Used/Package-and-Date/a_Package")): Object: 'Object Repository/Used/Package-and-Date/a_Package' is clicked on

2021-02-24 13:31:56 - [MESSAGE][PASSED] - Object: 'Object Repository/Used/Package-and-Date/a_Package' is clicked on

2021-02-24 13:31:56 - [TEST_STEP][PASSED] - click(findTestObject("Used/zElement-Bluuu/div_RoomType")): Object: 'Object Repository/Used/zElement-Bluuu/div_RoomType' is clicked on

2021-02-24 13:31:58 - [MESSAGE][INFO] - Unable to find the element located by 'By.xpath: //fieldset[@id='__BVID__244']/div/div/button/div[2]'. Please recheck the objects properties to make sure the desired element is located. 

2021-02-24 13:31:58 - [MESSAGE][WARNING] - [SELF-HEALING] Failed to find element with id 'Object Repository/Used/zElement-Bluuu/div_RoomType'. Try using Self-healing.

2021-02-24 13:31:58 - [MESSAGE][ERROR] - [SELF-HEALING] com.google.gson.stream.MalformedJsonException: Expected ':' at line 135 column 10 path $.brokenTestObjects[13].<<<<<<<

2021-02-24 13:31:58 - [MESSAGE][INFO] - [SELF-HEALING] Failed Locator: '//fieldset[@id='__BVID__244']/div/div/button/div[2]'.

2021-02-24 13:31:59 - [MESSAGE][INFO] - [SELF-HEALING] Working Locator: '//div[3]/div[2]/fieldset/div/div/button/div[2]'.

2021-02-24 13:31:59 - [MESSAGE][INFO] - [SELF-HEALING] Screenshot: C:/Users/Katesopon/git/Katalon-GitTestRepo/Reports/Self-healing/Object Repository/Used/zElement-Bluuu/div_RoomType_position.png

2021-02-24 13:31:59 - [MESSAGE][ERROR] - [SELF-HEALING] com.google.gson.stream.MalformedJsonException: Expected ':' at line 135 column 10 path $.brokenTestObjects[13].<<<<<<<

2021-02-24 13:31:59 - [MESSAGE][ERROR] - [SELF-HEALING] C:\Users\Katesopon\git\Katalon-GitTestRepo\Reports\Self-healing\broken-test-objects.json does not exist or is provided by Self-healing Plugin!

2021-02-24 13:31:59 - [MESSAGE][WARNING] - [SELF-HEALING] The current locator of test object 'Object Repository/Used/zElement-Bluuu/div_RoomType' was broken. Propose an alternative one: '//div[3]/div[2]/fieldset/div/div/button/div[2]'.

2021-02-24 13:31:59 - [MESSAGE][PASSED] - Object: 'Object Repository/Used/zElement-Bluuu/div_RoomType' is clicked on

2021-02-24 13:31:59 - [TEST_STEP][PASSED] - click(findTestObject("Used/zElement-Bluuu/li_Condo4Bedroom")): Object: 'Object Repository/Used/zElement-Bluuu/li_Condo4Bedroom' is clicked on

2021-02-24 13:32:01 - [MESSAGE][INFO] - Unable to find the element located by 'By.xpath: //fieldset[@id='__BVID__245']/div/div/div/ul/li[5]'. Please recheck the objects properties to make sure the desired element is located. 

2021-02-24 13:32:01 - [MESSAGE][WARNING] - [SELF-HEALING] Failed to find element with id 'Object Repository/Used/zElement-Bluuu/li_Condo4Bedroom'. Try using Self-healing.

2021-02-24 13:32:01 - [MESSAGE][ERROR] - [SELF-HEALING] com.google.gson.stream.MalformedJsonException: Expected ':' at line 135 column 10 path $.brokenTestObjects[13].<<<<<<<

2021-02-24 13:32:02 - [MESSAGE][INFO] - [SELF-HEALING] Failed Locator: '//fieldset[@id='__BVID__245']/div/div/div/ul/li[5]'.

2021-02-24 13:32:02 - [MESSAGE][INFO] - [SELF-HEALING] Working Locator: '(.//*[normalize-space(text()) and normalize-space(.)='คอนโด 3 ห้องนอน'])[1]/following::li[1]'.

2021-02-24 13:32:02 - [MESSAGE][INFO] - [SELF-HEALING] Screenshot: C:/Users/Katesopon/git/Katalon-GitTestRepo/Reports/Self-healing/Object Repository/Used/zElement-Bluuu/li_Condo4Bedroom_neighbor.png

2021-02-24 13:32:02 - [MESSAGE][ERROR] - [SELF-HEALING] com.google.gson.stream.MalformedJsonException: Expected ':' at line 135 column 10 path $.brokenTestObjects[13].<<<<<<<

2021-02-24 13:32:02 - [MESSAGE][ERROR] - [SELF-HEALING] C:\Users\Katesopon\git\Katalon-GitTestRepo\Reports\Self-healing\broken-test-objects.json does not exist or is provided by Self-healing Plugin!

2021-02-24 13:32:02 - [MESSAGE][WARNING] - [SELF-HEALING] The current locator of test object 'Object Repository/Used/zElement-Bluuu/li_Condo4Bedroom' was broken. Propose an alternative one: '(.//*[normalize-space(text()) and normalize-space(.)='คอนโด 3 ห้องนอน'])[1]/following::li[1]'.

2021-02-24 13:32:02 - [MESSAGE][PASSED] - Object: 'Object Repository/Used/zElement-Bluuu/li_Condo4Bedroom' is clicked on

2021-02-24 13:32:02 - [TEST_STEP][PASSED] - setText(findTestObject("Used/Package-and-Date/input_Location"), "House of "): Text 'House of ' is set on object 'Object Repository/Used/Package-and-Date/input_Location'

2021-02-24 13:32:05 - [MESSAGE][INFO] - Unable to find the element located by 'By.xpath: //input[@id='__BVID__186']'. Please recheck the objects properties to make sure the desired element is located. 

2021-02-24 13:32:05 - [MESSAGE][WARNING] - [SELF-HEALING] Failed to find element with id 'Object Repository/Used/Package-and-Date/input_Location'. Try using Self-healing.

2021-02-24 13:32:05 - [MESSAGE][ERROR] - [SELF-HEALING] com.google.gson.stream.MalformedJsonException: Expected ':' at line 135 column 10 path $.brokenTestObjects[13].<<<<<<<

2021-02-24 13:32:05 - [MESSAGE][INFO] - [SELF-HEALING] Failed Locator: '//input[@id='__BVID__186']'.

2021-02-24 13:32:05 - [MESSAGE][INFO] - [SELF-HEALING] Failed Locator: '//fieldset[@id='__BVID__185']/div/div/div/input'.

2021-02-24 13:32:05 - [MESSAGE][INFO] - [SELF-HEALING] Working Locator: '//fieldset/div/div/div/input'.

2021-02-24 13:32:06 - [MESSAGE][INFO] - [SELF-HEALING] Screenshot: C:/Users/Katesopon/git/Katalon-GitTestRepo/Reports/Self-healing/Object Repository/Used/Package-and-Date/input_Location_position.png

2021-02-24 13:32:06 - [MESSAGE][ERROR] - [SELF-HEALING] com.google.gson.stream.MalformedJsonException: Expected ':' at line 135 column 10 path $.brokenTestObjects[13].<<<<<<<

2021-02-24 13:32:06 - [MESSAGE][ERROR] - [SELF-HEALING] C:\Users\Katesopon\git\Katalon-GitTestRepo\Reports\Self-healing\broken-test-objects.json does not exist or is provided by Self-healing Plugin!

2021-02-24 13:32:06 - [MESSAGE][WARNING] - [SELF-HEALING] The current locator of test object 'Object Repository/Used/Package-and-Date/input_Location' was broken. Propose an alternative one: '//fieldset/div/div/div/input'.

2021-02-24 13:32:08 - [MESSAGE][INFO] - Unable to find the element located by 'By.xpath: //input[@id='__BVID__186']'. Please recheck the objects properties to make sure the desired element is located. 

2021-02-24 13:32:08 - [MESSAGE][WARNING] - [SELF-HEALING] Failed to find element with id 'Object Repository/Used/Package-and-Date/input_Location'. Try using Self-healing.

2021-02-24 13:32:08 - [MESSAGE][ERROR] - [SELF-HEALING] com.google.gson.stream.MalformedJsonException: Expected ':' at line 135 column 10 path $.brokenTestObjects[13].<<<<<<<

2021-02-24 13:32:08 - [MESSAGE][INFO] - [SELF-HEALING] Failed Locator: '//input[@id='__BVID__186']'.

2021-02-24 13:32:08 - [MESSAGE][INFO] - [SELF-HEALING] Failed Locator: '//fieldset[@id='__BVID__185']/div/div/div/input'.

2021-02-24 13:32:08 - [MESSAGE][INFO] - [SELF-HEALING] Working Locator: '//fieldset/div/div/div/input'.

2021-02-24 13:32:09 - [MESSAGE][INFO] - [SELF-HEALING] Screenshot: C:/Users/Katesopon/git/Katalon-GitTestRepo/Reports/Self-healing/Object Repository/Used/Package-and-Date/input_Location_position.png

2021-02-24 13:32:09 - [MESSAGE][ERROR] - [SELF-HEALING] com.google.gson.stream.MalformedJsonException: Expected ':' at line 135 column 10 path $.brokenTestObjects[13].<<<<<<<

2021-02-24 13:32:09 - [MESSAGE][ERROR] - [SELF-HEALING] C:\Users\Katesopon\git\Katalon-GitTestRepo\Reports\Self-healing\broken-test-objects.json does not exist or is provided by Self-healing Plugin!

2021-02-24 13:32:09 - [MESSAGE][WARNING] - [SELF-HEALING] The current locator of test object 'Object Repository/Used/Package-and-Date/input_Location' was broken. Propose an alternative one: '//fieldset/div/div/div/input'.

2021-02-24 13:32:09 - [MESSAGE][PASSED] - Text 'House of ' is set on object 'Object Repository/Used/Package-and-Date/input_Location'

2021-02-24 13:32:09 - [TEST_STEP][PASSED] - delay(7): Delayed 7 second(s)

2021-02-24 13:32:16 - [MESSAGE][PASSED] - Delayed 7 second(s)

2021-02-24 13:32:16 - [TEST_STEP][PASSED] - click(findTestObject("Used/Package-and-Date/div_House of RAMS  53")): Object: 'Object Repository/Used/Package-and-Date/div_House of RAMS  53' is clicked on

2021-02-24 13:32:16 - [MESSAGE][PASSED] - Object: 'Object Repository/Used/Package-and-Date/div_House of RAMS  53' is clicked on

2021-02-24 13:32:16 - [TEST_STEP][PASSED] - click(findTestObject("Used/Package-and-Date/div_Clean-Type")): Object: 'Object Repository/Used/Package-and-Date/div_Clean-Type' is clicked on

2021-02-24 13:32:19 - [MESSAGE][INFO] - Unable to find the element located by 'By.xpath: //fieldset[@id='__BVID__192']/div/div/button/div[2]'. Please recheck the objects properties to make sure the desired element is located. 

2021-02-24 13:32:19 - [MESSAGE][WARNING] - [SELF-HEALING] Failed to find element with id 'Object Repository/Used/Package-and-Date/div_Clean-Type'. Try using Self-healing.

2021-02-24 13:32:19 - [MESSAGE][ERROR] - [SELF-HEALING] com.google.gson.stream.MalformedJsonException: Expected ':' at line 135 column 10 path $.brokenTestObjects[13].<<<<<<<

2021-02-24 13:32:19 - [MESSAGE][INFO] - [SELF-HEALING] Failed Locator: '//fieldset[@id='__BVID__192']/div/div/button/div[2]'.

2021-02-24 13:32:19 - [MESSAGE][INFO] - [SELF-HEALING] Working Locator: '//div[3]/fieldset/div/div/button/div[2]'.

2021-02-24 13:32:19 - [MESSAGE][INFO] - [SELF-HEALING] Screenshot: C:/Users/Katesopon/git/Katalon-GitTestRepo/Reports/Self-healing/Object Repository/Used/Package-and-Date/div_Clean-Type_position.png

2021-02-24 13:32:19 - [MESSAGE][ERROR] - [SELF-HEALING] com.google.gson.stream.MalformedJsonException: Expected ':' at line 135 column 10 path $.brokenTestObjects[13].<<<<<<<

2021-02-24 13:32:19 - [MESSAGE][ERROR] - [SELF-HEALING] C:\Users\Katesopon\git\Katalon-GitTestRepo\Reports\Self-healing\broken-test-objects.json does not exist or is provided by Self-healing Plugin!

2021-02-24 13:32:19 - [MESSAGE][WARNING] - [SELF-HEALING] The current locator of test object 'Object Repository/Used/Package-and-Date/div_Clean-Type' was broken. Propose an alternative one: '//div[3]/fieldset/div/div/button/div[2]'.

2021-02-24 13:32:19 - [MESSAGE][PASSED] - Object: 'Object Repository/Used/Package-and-Date/div_Clean-Type' is clicked on

2021-02-24 13:32:19 - [TEST_STEP][PASSED] - click(findTestObject("Used/Package-and-Date/li_Cleaning")): Object: 'Object Repository/Used/Package-and-Date/li_Cleaning' is clicked on

2021-02-24 13:32:22 - [MESSAGE][INFO] - Unable to find the element located by 'By.xpath: //fieldset[@id='__BVID__192']/div/div/div/ul/li[2]'. Please recheck the objects properties to make sure the desired element is located. 

2021-02-24 13:32:22 - [MESSAGE][WARNING] - [SELF-HEALING] Failed to find element with id 'Object Repository/Used/Package-and-Date/li_Cleaning'. Try using Self-healing.

2021-02-24 13:32:22 - [MESSAGE][ERROR] - [SELF-HEALING] com.google.gson.stream.MalformedJsonException: Expected ':' at line 135 column 10 path $.brokenTestObjects[13].<<<<<<<

2021-02-24 13:32:22 - [MESSAGE][INFO] - [SELF-HEALING] Failed Locator: '//fieldset[@id='__BVID__192']/div/div/div/ul/li[2]'.

2021-02-24 13:32:22 - [MESSAGE][INFO] - [SELF-HEALING] Working Locator: '(.//*[normalize-space(text()) and normalize-space(.)=concat('No results matched ', '"', '', '"', '')])[6]/following::li[1]'.

2021-02-24 13:32:22 - [MESSAGE][INFO] - [SELF-HEALING] Screenshot: C:/Users/Katesopon/git/Katalon-GitTestRepo/Reports/Self-healing/Object Repository/Used/Package-and-Date/li_Cleaning_neighbor.png

2021-02-24 13:32:22 - [MESSAGE][ERROR] - [SELF-HEALING] com.google.gson.stream.MalformedJsonException: Expected ':' at line 135 column 10 path $.brokenTestObjects[13].<<<<<<<

2021-02-24 13:32:22 - [MESSAGE][ERROR] - [SELF-HEALING] C:\Users\Katesopon\git\Katalon-GitTestRepo\Reports\Self-healing\broken-test-objects.json does not exist or is provided by Self-healing Plugin!

2021-02-24 13:32:22 - [MESSAGE][WARNING] - [SELF-HEALING] The current locator of test object 'Object Repository/Used/Package-and-Date/li_Cleaning' was broken. Propose an alternative one: '(.//*[normalize-space(text()) and normalize-space(.)=concat('No results matched ', '"', '', '"', '')])[6]/following::li[1]'.

2021-02-24 13:32:23 - [MESSAGE][PASSED] - Object: 'Object Repository/Used/Package-and-Date/li_Cleaning' is clicked on

2021-02-24 13:32:23 - [TEST_STEP][PASSED] - click(findTestObject("Used/Package-and-Date/label_IgotDog")): Object: 'Object Repository/Used/Package-and-Date/label_IgotDog' is clicked on

2021-02-24 13:32:25 - [MESSAGE][INFO] - Unable to find the element located by 'By.xpath: //div[@id='__BVID__195']/div[2]/label'. Please recheck the objects properties to make sure the desired element is located. 

2021-02-24 13:32:25 - [MESSAGE][WARNING] - [SELF-HEALING] Failed to find element with id 'Object Repository/Used/Package-and-Date/label_IgotDog'. Try using Self-healing.

2021-02-24 13:32:25 - [MESSAGE][ERROR] - [SELF-HEALING] com.google.gson.stream.MalformedJsonException: Expected ':' at line 135 column 10 path $.brokenTestObjects[13].<<<<<<<

2021-02-24 13:32:25 - [MESSAGE][INFO] - [SELF-HEALING] Failed Locator: '//div[@id='__BVID__195']/div[2]/label'.

2021-02-24 13:32:25 - [MESSAGE][INFO] - [SELF-HEALING] Working Locator: '(.//*[normalize-space(text()) and normalize-space(.)='ฉันมีแมว'])[1]/following::label[1]'.

2021-02-24 13:32:25 - [MESSAGE][INFO] - [SELF-HEALING] Screenshot: C:/Users/Katesopon/git/Katalon-GitTestRepo/Reports/Self-healing/Object Repository/Used/Package-and-Date/label_IgotDog_neighbor.png

2021-02-24 13:32:25 - [MESSAGE][ERROR] - [SELF-HEALING] com.google.gson.stream.MalformedJsonException: Expected ':' at line 135 column 10 path $.brokenTestObjects[13].<<<<<<<

2021-02-24 13:32:25 - [MESSAGE][ERROR] - [SELF-HEALING] C:\Users\Katesopon\git\Katalon-GitTestRepo\Reports\Self-healing\broken-test-objects.json does not exist or is provided by Self-healing Plugin!

2021-02-24 13:32:25 - [MESSAGE][WARNING] - [SELF-HEALING] The current locator of test object 'Object Repository/Used/Package-and-Date/label_IgotDog' was broken. Propose an alternative one: '(.//*[normalize-space(text()) and normalize-space(.)='ฉันมีแมว'])[1]/following::label[1]'.

2021-02-24 13:32:26 - [MESSAGE][PASSED] - Object: 'Object Repository/Used/Package-and-Date/label_IgotDog' is clicked on

2021-02-24 13:32:26 - [TEST_STEP][PASSED] - click(findTestObject("Used/Package-and-Date/button_MP-Go-for-Maid")): Object: 'Object Repository/Used/Package-and-Date/button_MP-Go-for-Maid' is clicked on

2021-02-24 13:32:26 - [MESSAGE][PASSED] - Object: 'Object Repository/Used/Package-and-Date/button_MP-Go-for-Maid' is clicked on

2021-02-24 13:32:26 - [TEST_STEP][PASSED] - click(findTestObject("Used/Package-and-Date/img_MP-PMark-Avatar")): Object: 'Object Repository/Used/Package-and-Date/img_MP-PMark-Avatar' is clicked on

2021-02-24 13:32:28 - [MESSAGE][PASSED] - Object: 'Object Repository/Used/Package-and-Date/img_MP-PMark-Avatar' is clicked on

2021-02-24 13:32:28 - [TEST_STEP][PASSED] - delay(5): Delayed 5 second(s)

2021-02-24 13:32:33 - [MESSAGE][PASSED] - Delayed 5 second(s)

2021-02-24 13:32:33 - [TEST_STEP][PASSED] - click(findTestObject("Object Repository/By Case/18/Page_Bluuu/img__mr-2")): Object: 'Object Repository/By Case/18/Page_Bluuu/img__mr-2' is clicked on

2021-02-24 13:32:33 - [MESSAGE][PASSED] - Object: 'Object Repository/By Case/18/Page_Bluuu/img__mr-2' is clicked on

2021-02-24 13:32:33 - [TEST_STEP][PASSED] - click(findTestObject("Used/Package-and-Date/div_Duration")): Object: 'Object Repository/Used/Package-and-Date/div_Duration' is clicked on

2021-02-24 13:32:36 - [MESSAGE][INFO] - Unable to find the element located by 'By.xpath: //fieldset[@id='__BVID__487']/div/div/button/div[2]'. Please recheck the objects properties to make sure the desired element is located. 

2021-02-24 13:32:36 - [MESSAGE][WARNING] - [SELF-HEALING] Failed to find element with id 'Object Repository/Used/Package-and-Date/div_Duration'. Try using Self-healing.

2021-02-24 13:32:36 - [MESSAGE][ERROR] - [SELF-HEALING] com.google.gson.stream.MalformedJsonException: Expected ':' at line 135 column 10 path $.brokenTestObjects[13].<<<<<<<

2021-02-24 13:32:36 - [MESSAGE][INFO] - [SELF-HEALING] Failed Locator: '//fieldset[@id='__BVID__487']/div/div/button/div[2]'.

2021-02-24 13:32:36 - [MESSAGE][INFO] - [SELF-HEALING] Working Locator: '//button/div[2]'.

2021-02-24 13:32:36 - [MESSAGE][INFO] - [SELF-HEALING] Screenshot: C:/Users/Katesopon/git/Katalon-GitTestRepo/Reports/Self-healing/Object Repository/Used/Package-and-Date/div_Duration_position.png

2021-02-24 13:32:36 - [MESSAGE][ERROR] - [SELF-HEALING] com.google.gson.stream.MalformedJsonException: Expected ':' at line 135 column 10 path $.brokenTestObjects[13].<<<<<<<

2021-02-24 13:32:36 - [MESSAGE][ERROR] - [SELF-HEALING] C:\Users\Katesopon\git\Katalon-GitTestRepo\Reports\Self-healing\broken-test-objects.json does not exist or is provided by Self-healing Plugin!

2021-02-24 13:32:36 - [MESSAGE][WARNING] - [SELF-HEALING] The current locator of test object 'Object Repository/Used/Package-and-Date/div_Duration' was broken. Propose an alternative one: '//button/div[2]'.

2021-02-24 13:32:36 - [MESSAGE][PASSED] - Object: 'Object Repository/Used/Package-and-Date/div_Duration' is clicked on

2021-02-24 13:32:36 - [TEST_STEP][PASSED] - click(findTestObject("Used/Package-and-Date/li_2 hours")): Object: 'Object Repository/Used/Package-and-Date/li_2 hours' is clicked on

2021-02-24 13:32:39 - [MESSAGE][INFO] - Unable to find the element located by 'By.xpath: //fieldset[@id='__BVID__487']/div/div/div/ul/li[2]'. Please recheck the objects properties to make sure the desired element is located. 

2021-02-24 13:32:39 - [MESSAGE][WARNING] - [SELF-HEALING] Failed to find element with id 'Object Repository/Used/Package-and-Date/li_2 hours'. Try using Self-healing.

2021-02-24 13:32:39 - [MESSAGE][ERROR] - [SELF-HEALING] com.google.gson.stream.MalformedJsonException: Expected ':' at line 135 column 10 path $.brokenTestObjects[13].<<<<<<<

2021-02-24 13:32:39 - [MESSAGE][INFO] - [SELF-HEALING] Failed Locator: '//fieldset[@id='__BVID__487']/div/div/div/ul/li[2]'.

2021-02-24 13:32:39 - [MESSAGE][INFO] - [SELF-HEALING] Working Locator: '(.//*[normalize-space(text()) and normalize-space(.)=concat('No results matched ', '"', '', '"', '')])[1]/following::li[1]'.

2021-02-24 13:32:39 - [MESSAGE][INFO] - [SELF-HEALING] Screenshot: C:/Users/Katesopon/git/Katalon-GitTestRepo/Reports/Self-healing/Object Repository/Used/Package-and-Date/li_2 hours_neighbor.png

2021-02-24 13:32:39 - [MESSAGE][ERROR] - [SELF-HEALING] com.google.gson.stream.MalformedJsonException: Expected ':' at line 135 column 10 path $.brokenTestObjects[13].<<<<<<<

2021-02-24 13:32:39 - [MESSAGE][ERROR] - [SELF-HEALING] C:\Users\Katesopon\git\Katalon-GitTestRepo\Reports\Self-healing\broken-test-objects.json does not exist or is provided by Self-healing Plugin!

2021-02-24 13:32:39 - [MESSAGE][WARNING] - [SELF-HEALING] The current locator of test object 'Object Repository/Used/Package-and-Date/li_2 hours' was broken. Propose an alternative one: '(.//*[normalize-space(text()) and normalize-space(.)=concat('No results matched ', '"', '', '"', '')])[1]/following::li[1]'.

2021-02-24 13:32:40 - [MESSAGE][PASSED] - Object: 'Object Repository/Used/Package-and-Date/li_2 hours' is clicked on

2021-02-24 13:32:40 - [TEST_STEP][PASSED] - click(findTestObject("Used/Package-and-Date/div_How-many-Time")): Object: 'Object Repository/Used/Package-and-Date/div_How-many-Time' is clicked on

2021-02-24 13:32:42 - [MESSAGE][INFO] - Unable to find the element located by 'By.xpath: //fieldset[@id='__BVID__489']/div/div/button/div[2]'. Please recheck the objects properties to make sure the desired element is located. 

2021-02-24 13:32:42 - [MESSAGE][WARNING] - [SELF-HEALING] Failed to find element with id 'Object Repository/Used/Package-and-Date/div_How-many-Time'. Try using Self-healing.

2021-02-24 13:32:42 - [MESSAGE][ERROR] - [SELF-HEALING] com.google.gson.stream.MalformedJsonException: Expected ':' at line 135 column 10 path $.brokenTestObjects[13].<<<<<<<

2021-02-24 13:32:42 - [MESSAGE][INFO] - [SELF-HEALING] Failed Locator: '//fieldset[@id='__BVID__489']/div/div/button/div[2]'.

2021-02-24 13:32:42 - [MESSAGE][INFO] - [SELF-HEALING] Working Locator: '//div[2]/fieldset/div/div/button/div[2]'.

2021-02-24 13:32:43 - [MESSAGE][INFO] - [SELF-HEALING] Screenshot: C:/Users/Katesopon/git/Katalon-GitTestRepo/Reports/Self-healing/Object Repository/Used/Package-and-Date/div_How-many-Time_position.png

2021-02-24 13:32:43 - [MESSAGE][ERROR] - [SELF-HEALING] com.google.gson.stream.MalformedJsonException: Expected ':' at line 135 column 10 path $.brokenTestObjects[13].<<<<<<<

2021-02-24 13:32:43 - [MESSAGE][ERROR] - [SELF-HEALING] C:\Users\Katesopon\git\Katalon-GitTestRepo\Reports\Self-healing\broken-test-objects.json does not exist or is provided by Self-healing Plugin!

2021-02-24 13:32:43 - [MESSAGE][WARNING] - [SELF-HEALING] The current locator of test object 'Object Repository/Used/Package-and-Date/div_How-many-Time' was broken. Propose an alternative one: '//div[2]/fieldset/div/div/button/div[2]'.

2021-02-24 13:32:43 - [MESSAGE][PASSED] - Object: 'Object Repository/Used/Package-and-Date/div_How-many-Time' is clicked on

2021-02-24 13:32:43 - [TEST_STEP][PASSED] - click(findTestObject("Used/Package-and-Date/li_4Times")): Object: 'Object Repository/Used/Package-and-Date/li_4Times' is clicked on

2021-02-24 13:32:45 - [MESSAGE][INFO] - Unable to find the element located by 'By.xpath: //fieldset[@id='__BVID__489']/div/div/div/ul/li[2]'. Please recheck the objects properties to make sure the desired element is located. 

2021-02-24 13:32:45 - [MESSAGE][WARNING] - [SELF-HEALING] Failed to find element with id 'Object Repository/Used/Package-and-Date/li_4Times'. Try using Self-healing.

2021-02-24 13:32:45 - [MESSAGE][ERROR] - [SELF-HEALING] com.google.gson.stream.MalformedJsonException: Expected ':' at line 135 column 10 path $.brokenTestObjects[13].<<<<<<<

2021-02-24 13:32:45 - [MESSAGE][INFO] - [SELF-HEALING] Failed Locator: '//fieldset[@id='__BVID__489']/div/div/div/ul/li[2]'.

2021-02-24 13:32:45 - [MESSAGE][INFO] - [SELF-HEALING] Working Locator: '(.//*[normalize-space(text()) and normalize-space(.)=concat('No results matched ', '"', '', '"', '')])[2]/following::li[1]'.

2021-02-24 13:32:46 - [MESSAGE][INFO] - [SELF-HEALING] Screenshot: C:/Users/Katesopon/git/Katalon-GitTestRepo/Reports/Self-healing/Object Repository/Used/Package-and-Date/li_4Times_neighbor.png

2021-02-24 13:32:46 - [MESSAGE][ERROR] - [SELF-HEALING] com.google.gson.stream.MalformedJsonException: Expected ':' at line 135 column 10 path $.brokenTestObjects[13].<<<<<<<

2021-02-24 13:32:46 - [MESSAGE][ERROR] - [SELF-HEALING] C:\Users\Katesopon\git\Katalon-GitTestRepo\Reports\Self-healing\broken-test-objects.json does not exist or is provided by Self-healing Plugin!

2021-02-24 13:32:46 - [MESSAGE][WARNING] - [SELF-HEALING] The current locator of test object 'Object Repository/Used/Package-and-Date/li_4Times' was broken. Propose an alternative one: '(.//*[normalize-space(text()) and normalize-space(.)=concat('No results matched ', '"', '', '"', '')])[2]/following::li[1]'.

2021-02-24 13:32:46 - [MESSAGE][PASSED] - Object: 'Object Repository/Used/Package-and-Date/li_4Times' is clicked on

2021-02-24 13:32:46 - [TEST_STEP][PASSED] - click(findTestObject("Used/Package-and-Date/div_Repeated-Day")): Object: 'Object Repository/Used/Package-and-Date/div_Repeated-Day' is clicked on

2021-02-24 13:32:48 - [MESSAGE][INFO] - Unable to find the element located by 'By.xpath: //fieldset[@id='__BVID__493']/div/div/button/div[2]'. Please recheck the objects properties to make sure the desired element is located. 

2021-02-24 13:32:48 - [MESSAGE][WARNING] - [SELF-HEALING] Failed to find element with id 'Object Repository/Used/Package-and-Date/div_Repeated-Day'. Try using Self-healing.

2021-02-24 13:32:48 - [MESSAGE][ERROR] - [SELF-HEALING] com.google.gson.stream.MalformedJsonException: Expected ':' at line 135 column 10 path $.brokenTestObjects[13].<<<<<<<

2021-02-24 13:32:48 - [MESSAGE][INFO] - [SELF-HEALING] Failed Locator: '//fieldset[@id='__BVID__493']/div/div/button/div[2]'.

2021-02-24 13:32:48 - [MESSAGE][INFO] - [SELF-HEALING] Working Locator: '//div[2]/div/div[4]/div/fieldset/div/div/button/div[2]'.

2021-02-24 13:32:49 - [MESSAGE][INFO] - [SELF-HEALING] Screenshot: C:/Users/Katesopon/git/Katalon-GitTestRepo/Reports/Self-healing/Object Repository/Used/Package-and-Date/div_Repeated-Day_position.png

2021-02-24 13:32:49 - [MESSAGE][ERROR] - [SELF-HEALING] com.google.gson.stream.MalformedJsonException: Expected ':' at line 135 column 10 path $.brokenTestObjects[13].<<<<<<<

2021-02-24 13:32:49 - [MESSAGE][ERROR] - [SELF-HEALING] C:\Users\Katesopon\git\Katalon-GitTestRepo\Reports\Self-healing\broken-test-objects.json does not exist or is provided by Self-healing Plugin!

2021-02-24 13:32:49 - [MESSAGE][WARNING] - [SELF-HEALING] The current locator of test object 'Object Repository/Used/Package-and-Date/div_Repeated-Day' was broken. Propose an alternative one: '//div[2]/div/div[4]/div/fieldset/div/div/button/div[2]'.

2021-02-24 13:32:49 - [MESSAGE][PASSED] - Object: 'Object Repository/Used/Package-and-Date/div_Repeated-Day' is clicked on

2021-02-24 13:32:49 - [TEST_STEP][PASSED] - click(findTestObject("Used/Package-and-Date/li_Tuesday")): Object: 'Object Repository/Used/Package-and-Date/li_Tuesday' is clicked on

2021-02-24 13:32:51 - [MESSAGE][INFO] - Unable to find the element located by 'By.xpath: //fieldset[@id='__BVID__493']/div/div/div/ul/li[4]'. Please recheck the objects properties to make sure the desired element is located. 

2021-02-24 13:32:51 - [MESSAGE][WARNING] - [SELF-HEALING] Failed to find element with id 'Object Repository/Used/Package-and-Date/li_Tuesday'. Try using Self-healing.

2021-02-24 13:32:51 - [MESSAGE][ERROR] - [SELF-HEALING] com.google.gson.stream.MalformedJsonException: Expected ':' at line 135 column 10 path $.brokenTestObjects[13].<<<<<<<

2021-02-24 13:32:51 - [MESSAGE][INFO] - [SELF-HEALING] Failed Locator: '//fieldset[@id='__BVID__493']/div/div/div/ul/li[4]'.

2021-02-24 13:32:52 - [MESSAGE][INFO] - [SELF-HEALING] Working Locator: '(.//*[normalize-space(text()) and normalize-space(.)='จันทร์'])[1]/following::li[1]'.

2021-02-24 13:32:52 - [MESSAGE][INFO] - [SELF-HEALING] Screenshot: C:/Users/Katesopon/git/Katalon-GitTestRepo/Reports/Self-healing/Object Repository/Used/Package-and-Date/li_Tuesday_neighbor.png

2021-02-24 13:32:52 - [MESSAGE][ERROR] - [SELF-HEALING] com.google.gson.stream.MalformedJsonException: Expected ':' at line 135 column 10 path $.brokenTestObjects[13].<<<<<<<

2021-02-24 13:32:52 - [MESSAGE][ERROR] - [SELF-HEALING] C:\Users\Katesopon\git\Katalon-GitTestRepo\Reports\Self-healing\broken-test-objects.json does not exist or is provided by Self-healing Plugin!

2021-02-24 13:32:52 - [MESSAGE][WARNING] - [SELF-HEALING] The current locator of test object 'Object Repository/Used/Package-and-Date/li_Tuesday' was broken. Propose an alternative one: '(.//*[normalize-space(text()) and normalize-space(.)='จันทร์'])[1]/following::li[1]'.

2021-02-24 13:32:52 - [MESSAGE][PASSED] - Object: 'Object Repository/Used/Package-and-Date/li_Tuesday' is clicked on

2021-02-24 13:32:52 - [TEST_STEP][PASSED] - click(findTestObject("Used/Package-and-Date/div_Each-Time")): Object: 'Object Repository/Used/Package-and-Date/div_Each-Time' is clicked on

2021-02-24 13:32:54 - [MESSAGE][INFO] - Unable to find the element located by 'By.xpath: //fieldset[@id='__BVID__495']/div/div/button/div[2]'. Please recheck the objects properties to make sure the desired element is located. 

2021-02-24 13:32:54 - [MESSAGE][WARNING] - [SELF-HEALING] Failed to find element with id 'Object Repository/Used/Package-and-Date/div_Each-Time'. Try using Self-healing.

2021-02-24 13:32:54 - [MESSAGE][ERROR] - [SELF-HEALING] com.google.gson.stream.MalformedJsonException: Expected ':' at line 135 column 10 path $.brokenTestObjects[13].<<<<<<<

2021-02-24 13:32:54 - [MESSAGE][INFO] - [SELF-HEALING] Failed Locator: '//fieldset[@id='__BVID__495']/div/div/button/div[2]'.

2021-02-24 13:32:55 - [MESSAGE][INFO] - [SELF-HEALING] Working Locator: '//div[2]/div/div[4]/div[2]/fieldset/div/div/button/div[2]'.

2021-02-24 13:32:55 - [MESSAGE][INFO] - [SELF-HEALING] Screenshot: C:/Users/Katesopon/git/Katalon-GitTestRepo/Reports/Self-healing/Object Repository/Used/Package-and-Date/div_Each-Time_position.png

2021-02-24 13:32:55 - [MESSAGE][ERROR] - [SELF-HEALING] com.google.gson.stream.MalformedJsonException: Expected ':' at line 135 column 10 path $.brokenTestObjects[13].<<<<<<<

2021-02-24 13:32:55 - [MESSAGE][ERROR] - [SELF-HEALING] C:\Users\Katesopon\git\Katalon-GitTestRepo\Reports\Self-healing\broken-test-objects.json does not exist or is provided by Self-healing Plugin!

2021-02-24 13:32:55 - [MESSAGE][WARNING] - [SELF-HEALING] The current locator of test object 'Object Repository/Used/Package-and-Date/div_Each-Time' was broken. Propose an alternative one: '//div[2]/div/div[4]/div[2]/fieldset/div/div/button/div[2]'.

2021-02-24 13:32:55 - [MESSAGE][PASSED] - Object: 'Object Repository/Used/Package-and-Date/div_Each-Time' is clicked on

2021-02-24 13:32:55 - [TEST_STEP][PASSED] - click(findTestObject("Used/Package-and-Date/li_0600 - 0800")): Object: 'Object Repository/Used/Package-and-Date/li_0600 - 0800' is clicked on

2021-02-24 13:32:57 - [MESSAGE][INFO] - Unable to find the element located by 'By.xpath: //div[@id='app']/main/div/div[2]/div/div[4]/div[2]/div/div/div/ul/li[2]'. Please recheck the objects properties to make sure the desired element is located. 

2021-02-24 13:32:57 - [MESSAGE][WARNING] - [SELF-HEALING] Failed to find element with id 'Object Repository/Used/Package-and-Date/li_0600 - 0800'. Try using Self-healing.

2021-02-24 13:32:57 - [MESSAGE][ERROR] - [SELF-HEALING] com.google.gson.stream.MalformedJsonException: Expected ':' at line 135 column 10 path $.brokenTestObjects[13].<<<<<<<

2021-02-24 13:32:57 - [MESSAGE][INFO] - [SELF-HEALING] Failed Locator: '//div[@id='app']/main/div/div[2]/div/div[4]/div[2]/div/div/div/ul/li[2]'.

2021-02-24 13:32:58 - [MESSAGE][INFO] - [SELF-HEALING] Working Locator: '(.//*[normalize-space(text()) and normalize-space(.)=concat('No results matched ', '"', '', '"', '')])[4]/following::li[1]'.

2021-02-24 13:32:58 - [MESSAGE][INFO] - [SELF-HEALING] Screenshot: C:/Users/Katesopon/git/Katalon-GitTestRepo/Reports/Self-healing/Object Repository/Used/Package-and-Date/li_0600 - 0800_neighbor.png

2021-02-24 13:32:58 - [MESSAGE][ERROR] - [SELF-HEALING] com.google.gson.stream.MalformedJsonException: Expected ':' at line 135 column 10 path $.brokenTestObjects[13].<<<<<<<

2021-02-24 13:32:58 - [MESSAGE][ERROR] - [SELF-HEALING] C:\Users\Katesopon\git\Katalon-GitTestRepo\Reports\Self-healing\broken-test-objects.json does not exist or is provided by Self-healing Plugin!

2021-02-24 13:32:58 - [MESSAGE][WARNING] - [SELF-HEALING] The current locator of test object 'Object Repository/Used/Package-and-Date/li_0600 - 0800' was broken. Propose an alternative one: '(.//*[normalize-space(text()) and normalize-space(.)=concat('No results matched ', '"', '', '"', '')])[4]/following::li[1]'.

2021-02-24 13:32:58 - [MESSAGE][PASSED] - Object: 'Object Repository/Used/Package-and-Date/li_0600 - 0800' is clicked on

2021-02-24 13:32:58 - [TEST_STEP][PASSED] - click(findTestObject("Used/zElement-Bluuu/span_I Accept")): Object: 'Object Repository/Used/zElement-Bluuu/span_I Accept' is clicked on

2021-02-24 13:33:00 - [MESSAGE][INFO] - Unable to find the element located by 'By.xpath: //div[@id='app']/main/div/div[4]/div[2]/div[2]/div/div/label/span'. Please recheck the objects properties to make sure the desired element is located. 

2021-02-24 13:33:00 - [MESSAGE][WARNING] - [SELF-HEALING] Failed to find element with id 'Object Repository/Used/zElement-Bluuu/span_I Accept'. Try using Self-healing.

2021-02-24 13:33:00 - [MESSAGE][ERROR] - [SELF-HEALING] com.google.gson.stream.MalformedJsonException: Expected ':' at line 135 column 10 path $.brokenTestObjects[13].<<<<<<<

2021-02-24 13:33:00 - [MESSAGE][INFO] - [SELF-HEALING] Failed Locator: '//div[@id='app']/main/div/div[4]/div[2]/div[2]/div/div/label/span'.

2021-02-24 13:33:01 - [MESSAGE][INFO] - [SELF-HEALING] Working Locator: '(.//*[normalize-space(text()) and normalize-space(.)='ฉันมีสุนัข'])[1]/following::span[1]'.

2021-02-24 13:33:01 - [MESSAGE][INFO] - [SELF-HEALING] Screenshot: C:/Users/Katesopon/git/Katalon-GitTestRepo/Reports/Self-healing/Object Repository/Used/zElement-Bluuu/span_I Accept_neighbor.png

2021-02-24 13:33:01 - [MESSAGE][ERROR] - [SELF-HEALING] com.google.gson.stream.MalformedJsonException: Expected ':' at line 135 column 10 path $.brokenTestObjects[13].<<<<<<<

2021-02-24 13:33:01 - [MESSAGE][ERROR] - [SELF-HEALING] C:\Users\Katesopon\git\Katalon-GitTestRepo\Reports\Self-healing\broken-test-objects.json does not exist or is provided by Self-healing Plugin!

2021-02-24 13:33:01 - [MESSAGE][WARNING] - [SELF-HEALING] The current locator of test object 'Object Repository/Used/zElement-Bluuu/span_I Accept' was broken. Propose an alternative one: '(.//*[normalize-space(text()) and normalize-space(.)='ฉันมีสุนัข'])[1]/following::span[1]'.

2021-02-24 13:33:01 - [MESSAGE][PASSED] - Object: 'Object Repository/Used/zElement-Bluuu/span_I Accept' is clicked on

2021-02-24 13:33:01 - [TEST_STEP][PASSED] - click(findTestObject("Used/Package-and-Date/button_Booknow")): Object: 'Object Repository/Used/Package-and-Date/button_Booknow' is clicked on

2021-02-24 13:33:02 - [MESSAGE][PASSED] - Object: 'Object Repository/Used/Package-and-Date/button_Booknow' is clicked on

2021-02-24 13:33:02 - [TEST_STEP][PASSED] - setText(findTestObject("Used/zElement-Bluuu/input_Promotion-Code"), "WELCOME30"): Text 'WELCOME30' is set on object 'Object Repository/Used/zElement-Bluuu/input_Promotion-Code'

2021-02-24 13:33:04 - [MESSAGE][INFO] - Unable to find the element located by 'By.xpath: //input[@id='__BVID__292']'. Please recheck the objects properties to make sure the desired element is located. 

2021-02-24 13:33:04 - [MESSAGE][WARNING] - [SELF-HEALING] Failed to find element with id 'Object Repository/Used/zElement-Bluuu/input_Promotion-Code'. Try using Self-healing.

2021-02-24 13:33:04 - [MESSAGE][ERROR] - [SELF-HEALING] com.google.gson.stream.MalformedJsonException: Expected ':' at line 135 column 10 path $.brokenTestObjects[13].<<<<<<<

2021-02-24 13:33:04 - [MESSAGE][INFO] - [SELF-HEALING] Failed Locator: '//input[@id='__BVID__292']'.

2021-02-24 13:33:04 - [MESSAGE][INFO] - [SELF-HEALING] Failed Locator: '//fieldset[@id='__BVID__291']/div/div/input'.

2021-02-24 13:33:04 - [MESSAGE][INFO] - [SELF-HEALING] Working Locator: '//input'.

2021-02-24 13:33:05 - [MESSAGE][INFO] - [SELF-HEALING] Screenshot: C:/Users/Katesopon/git/Katalon-GitTestRepo/Reports/Self-healing/Object Repository/Used/zElement-Bluuu/input_Promotion-Code_position.png

2021-02-24 13:33:05 - [MESSAGE][ERROR] - [SELF-HEALING] com.google.gson.stream.MalformedJsonException: Expected ':' at line 135 column 10 path $.brokenTestObjects[13].<<<<<<<

2021-02-24 13:33:05 - [MESSAGE][ERROR] - [SELF-HEALING] C:\Users\Katesopon\git\Katalon-GitTestRepo\Reports\Self-healing\broken-test-objects.json does not exist or is provided by Self-healing Plugin!

2021-02-24 13:33:05 - [MESSAGE][WARNING] - [SELF-HEALING] The current locator of test object 'Object Repository/Used/zElement-Bluuu/input_Promotion-Code' was broken. Propose an alternative one: '//input'.

2021-02-24 13:33:07 - [MESSAGE][INFO] - Unable to find the element located by 'By.xpath: //input[@id='__BVID__292']'. Please recheck the objects properties to make sure the desired element is located. 

2021-02-24 13:33:07 - [MESSAGE][WARNING] - [SELF-HEALING] Failed to find element with id 'Object Repository/Used/zElement-Bluuu/input_Promotion-Code'. Try using Self-healing.

2021-02-24 13:33:07 - [MESSAGE][ERROR] - [SELF-HEALING] com.google.gson.stream.MalformedJsonException: Expected ':' at line 135 column 10 path $.brokenTestObjects[13].<<<<<<<

2021-02-24 13:33:07 - [MESSAGE][INFO] - [SELF-HEALING] Failed Locator: '//input[@id='__BVID__292']'.

2021-02-24 13:33:07 - [MESSAGE][INFO] - [SELF-HEALING] Failed Locator: '//fieldset[@id='__BVID__291']/div/div/input'.

2021-02-24 13:33:08 - [MESSAGE][INFO] - [SELF-HEALING] Working Locator: '//input'.

2021-02-24 13:33:08 - [MESSAGE][INFO] - [SELF-HEALING] Screenshot: C:/Users/Katesopon/git/Katalon-GitTestRepo/Reports/Self-healing/Object Repository/Used/zElement-Bluuu/input_Promotion-Code_position.png

2021-02-24 13:33:08 - [MESSAGE][ERROR] - [SELF-HEALING] com.google.gson.stream.MalformedJsonException: Expected ':' at line 135 column 10 path $.brokenTestObjects[13].<<<<<<<

2021-02-24 13:33:08 - [MESSAGE][ERROR] - [SELF-HEALING] C:\Users\Katesopon\git\Katalon-GitTestRepo\Reports\Self-healing\broken-test-objects.json does not exist or is provided by Self-healing Plugin!

2021-02-24 13:33:08 - [MESSAGE][WARNING] - [SELF-HEALING] The current locator of test object 'Object Repository/Used/zElement-Bluuu/input_Promotion-Code' was broken. Propose an alternative one: '//input'.

2021-02-24 13:33:08 - [MESSAGE][PASSED] - Text 'WELCOME30' is set on object 'Object Repository/Used/zElement-Bluuu/input_Promotion-Code'

2021-02-24 13:33:08 - [TEST_STEP][PASSED] - click(findTestObject("Used/zElement-Bluuu/button_Use-Promotion-Code")): Object: 'Object Repository/Used/zElement-Bluuu/button_Use-Promotion-Code' is clicked on

2021-02-24 13:33:08 - [MESSAGE][PASSED] - Object: 'Object Repository/Used/zElement-Bluuu/button_Use-Promotion-Code' is clicked on

2021-02-24 13:33:08 - [TEST_STEP][PASSED] - click(findTestObject("Used/zElement-Bluuu/button_Confirming-From-Promotion")): Object: 'Object Repository/Used/zElement-Bluuu/button_Confirming-From-Promotion' is clicked on

2021-02-24 13:33:09 - [MESSAGE][PASSED] - Object: 'Object Repository/Used/zElement-Bluuu/button_Confirming-From-Promotion' is clicked on

2021-02-24 13:33:09 - [TEST_STEP][PASSED] - click(findTestObject("Used/Page-Payment/a_ClckPromptPay")): Object: 'Object Repository/Used/Page-Payment/a_ClckPromptPay' is clicked on

2021-02-24 13:33:12 - [MESSAGE][PASSED] - Object: 'Object Repository/Used/Page-Payment/a_ClckPromptPay' is clicked on

2021-02-24 13:33:12 - [TEST_STEP][PASSED] - setText(findTestObject("Used/Page-Payment/input_TxtPromptPayName"), "test"): Text 'test' is set on object 'Object Repository/Used/Page-Payment/input_TxtPromptPayName'

2021-02-24 13:33:12 - [MESSAGE][PASSED] - Text 'test' is set on object 'Object Repository/Used/Page-Payment/input_TxtPromptPayName'

2021-02-24 13:33:12 - [TEST_STEP][PASSED] - click(findTestObject("Used/Page-Payment/input_BtnPromptPaySubmit")): Object: 'Object Repository/Used/Page-Payment/input_BtnPromptPaySubmit' is clicked on

2021-02-24 13:33:13 - [MESSAGE][PASSED] - Object: 'Object Repository/Used/Page-Payment/input_BtnPromptPaySubmit' is clicked on

2021-02-24 13:33:13 - [TEST_STEP][PASSED] - waitForElementClickable(findTestObject("Used/zElement-Bluuu/button_MyPayment"), 360): Object 'Object Repository/Used/zElement-Bluuu/button_MyPayment' is clickable

2021-02-24 13:33:43 - [MESSAGE][PASSED] - Object 'Object Repository/Used/zElement-Bluuu/button_MyPayment' is clickable

2021-02-24 13:33:43 - [TEST_STEP][PASSED] - click(findTestObject("Used/zElement-Bluuu/button_MyPayment")): Object: 'Object Repository/Used/zElement-Bluuu/button_MyPayment' is clicked on

2021-02-24 13:33:44 - [MESSAGE][PASSED] - Object: 'Object Repository/Used/zElement-Bluuu/button_MyPayment' is clicked on

2021-02-24 13:33:44 - [TEST_STEP][PASSED] - td_getdura = getText(findTestObject("Object Repository/Temp/Page_Bluuu/td_getdura")): Text of object 'Object Repository/Temp/Page_Bluuu/td_getdura' is: 'แพ็กเกจ: 2 ชม. x 4 ครั้ง'

2021-02-24 13:33:47 - [MESSAGE][INFO] - Unable to find the element located by 'By.xpath: //table[@id='__BVID__166']/tbody/tr/td[2]'. Please recheck the objects properties to make sure the desired element is located. 

2021-02-24 13:33:47 - [MESSAGE][WARNING] - [SELF-HEALING] Failed to find element with id 'Object Repository/Temp/Page_Bluuu/td_getdura'. Try using Self-healing.

2021-02-24 13:33:47 - [MESSAGE][ERROR] - [SELF-HEALING] com.google.gson.stream.MalformedJsonException: Expected ':' at line 135 column 10 path $.brokenTestObjects[13].<<<<<<<

2021-02-24 13:33:47 - [MESSAGE][INFO] - [SELF-HEALING] Failed Locator: '//table[@id='__BVID__166']/tbody/tr/td[2]'.

2021-02-24 13:33:47 - [MESSAGE][INFO] - [SELF-HEALING] Working Locator: '(.//*[normalize-space(text()) and normalize-space(.)='ราคา'])[1]/following::td[2]'.

2021-02-24 13:33:47 - [MESSAGE][INFO] - [SELF-HEALING] Screenshot: C:/Users/Katesopon/git/Katalon-GitTestRepo/Reports/Self-healing/Object Repository/Temp/Page_Bluuu/td_getdura_neighbor.png

2021-02-24 13:33:47 - [MESSAGE][ERROR] - [SELF-HEALING] com.google.gson.stream.MalformedJsonException: Expected ':' at line 135 column 10 path $.brokenTestObjects[13].<<<<<<<

2021-02-24 13:33:47 - [MESSAGE][ERROR] - [SELF-HEALING] C:\Users\Katesopon\git\Katalon-GitTestRepo\Reports\Self-healing\broken-test-objects.json does not exist or is provided by Self-healing Plugin!

2021-02-24 13:33:47 - [MESSAGE][WARNING] - [SELF-HEALING] The current locator of test object 'Object Repository/Temp/Page_Bluuu/td_getdura' was broken. Propose an alternative one: '(.//*[normalize-space(text()) and normalize-space(.)='ราคา'])[1]/following::td[2]'.

2021-02-24 13:33:47 - [MESSAGE][PASSED] - Text of object 'Object Repository/Temp/Page_Bluuu/td_getdura' is: 'แพ็กเกจ: 2 ชม. x 4 ครั้ง'

2021-02-24 13:33:47 - [TEST_STEP][PASSED] - getmaid = getText(findTestObject("Object Repository/Temp/Page_Bluuu/span_getmaid")): Text of object 'Object Repository/Temp/Page_Bluuu/span_getmaid' is: 'Mark 〽️ Phoom'

2021-02-24 13:33:50 - [MESSAGE][INFO] - Unable to find the element located by 'By.xpath: //table[@id='__BVID__166']/tbody/tr/td[4]/div/span'. Please recheck the objects properties to make sure the desired element is located. 

2021-02-24 13:33:50 - [MESSAGE][WARNING] - [SELF-HEALING] Failed to find element with id 'Object Repository/Temp/Page_Bluuu/span_getmaid'. Try using Self-healing.

2021-02-24 13:33:50 - [MESSAGE][ERROR] - [SELF-HEALING] com.google.gson.stream.MalformedJsonException: Expected ':' at line 135 column 10 path $.brokenTestObjects[13].<<<<<<<

2021-02-24 13:33:50 - [MESSAGE][INFO] - [SELF-HEALING] Failed Locator: '//table[@id='__BVID__166']/tbody/tr/td[4]/div/span'.

2021-02-24 13:33:50 - [MESSAGE][INFO] - [SELF-HEALING] Working Locator: '(.//*[normalize-space(text()) and normalize-space(.)='แพ็กเกจ: 2 ชม. x 4 ครั้ง'])[1]/following::span[1]'.

2021-02-24 13:33:50 - [MESSAGE][INFO] - [SELF-HEALING] Screenshot: C:/Users/Katesopon/git/Katalon-GitTestRepo/Reports/Self-healing/Object Repository/Temp/Page_Bluuu/span_getmaid_neighbor.png

2021-02-24 13:33:50 - [MESSAGE][ERROR] - [SELF-HEALING] com.google.gson.stream.MalformedJsonException: Expected ':' at line 135 column 10 path $.brokenTestObjects[13].<<<<<<<

2021-02-24 13:33:50 - [MESSAGE][ERROR] - [SELF-HEALING] C:\Users\Katesopon\git\Katalon-GitTestRepo\Reports\Self-healing\broken-test-objects.json does not exist or is provided by Self-healing Plugin!

2021-02-24 13:33:50 - [MESSAGE][WARNING] - [SELF-HEALING] The current locator of test object 'Object Repository/Temp/Page_Bluuu/span_getmaid' was broken. Propose an alternative one: '(.//*[normalize-space(text()) and normalize-space(.)='แพ็กเกจ: 2 ชม. x 4 ครั้ง'])[1]/following::span[1]'.

2021-02-24 13:33:50 - [MESSAGE][PASSED] - Text of object 'Object Repository/Temp/Page_Bluuu/span_getmaid' is: 'Mark 〽️ Phoom'

2021-02-24 13:33:50 - [TEST_STEP][PASSED] - if (td_getdura == "แพ็กเกจ: 2 ชม. x 4 ครั้ง"): null

2021-02-24 13:33:50 - [TEST_STEP][PASSED] - a = 1: null

2021-02-24 13:33:50 - [TEST_STEP][PASSED] - if (getmaid == "Mark 〽️ Phoom"): null

2021-02-24 13:33:50 - [TEST_STEP][PASSED] - b = 1: null

2021-02-24 13:33:50 - [TEST_STEP][PASSED] - if (a + b == 2): Browser is closed

2021-02-24 13:33:50 - [TEST_STEP][PASSED] - closeBrowser(): Browser is closed

2021-02-24 13:33:51 - [MESSAGE][PASSED] - Browser is closed]]></system-out>
         <system-err><![CDATA[]]></system-err>
      </testcase>
      <system-out><![CDATA[2021-02-24 13:29:07 - [TEST_SUITE][PASSED] - Package: Test Cases/Login before use a service/14_MP with Promotion]]></system-out>
      <system-err><![CDATA[]]></system-err>
   </testsuite>
</testsuites>
